This file contains any messages produced by compilers while
running configure, to aid debugging if configure makes a mistake.

It was created by xorg-server configure 1.20.10, which was
generated by GNU Autoconf 2.69.  Invocation command line was

  $ ./configure --disable-dependency-tracking PIXMAN_CFLAGS={PIXMAN_CFLAG} PIXMAN_LIBS=-L/home/via/prog/github/imported/third/pixman-0.40.0/lib -lpixman-1  XFONT2_CFLAGS=-I/home/via/prog/github/imported/third/libXfont2-2.0.3/include  XFONT2_LIBS=-L/home/via/prog/github/imported/third/libXfont2-2.0.3/lib -lXfont2  XDMCP_CFLAGS=-I/home/via/prog/github/imported/third/libXdmcp-1.1.3/include  XDMCP_LIBS=-L/home/via/prog/github/imported/third/libXdmcp-1.1.3/lib -lXdmcp  LIBDRM_CFLAGS="-I/home/via/prog/github/imported/third/libdrm-2.4.107/include -I/home/via/prog/github/imported/third/libdrm-2.4.107/include/libdrm -I/home/via/prog/github/imported/third/libdrm-2.4.107/include/libkms " LIBDRM_LIBS="-L/home/via/prog/github/imported/third/libdrm-2.4.107/lib/x86_64-linux-gnu -ldrm -lkms " GL_CFLAGS="-I/home/via/prog/github/imported/third/mesa-20.3.0/include -I/home/via/prog/github/imported/third/mesa-20.3.0/include/GL " GL_LIBS="-L/home/via/prog/github/imported/third/mesa-20.3.0/lib//lib/x86_64-linux-gnu -lGL " PCIACCESS_CFLAGS="-I/home/via/prog/github/imported/third/libpciaccess-0.16/include" PCIACCESS_LIBS="-L/home/via/prog/github/imported/third/libpciaccess-0.16/lib -lpciaccess " GLAMOR_CFLAGS="-I/home/via/prog/github/imported/third/libepoxy-1.5.9/include" GLAMOR_LIBS="-L/home/via/prog/github/imported/third/libepoxy-1.5.9/lib/x86_64-linux-gnu -lepoxy" XCB_CFLAGS= XCB_LIBS=xcb-composite xcb-damage xcb-dpms xcb-dri2 xcb-dri3 xcb-glx xcb xcb-present xcb-randr xcb-record xcb-render xcb-res xcb-screensaver xcb-shape xcb-shm xcb-sync xcb-xf86dri xcb-xfixes xcb-xinerama xcb-xinput xcb-xkb xcb-xtest xcb-xvmc xcb-xv XSHMFENCE_CFLAGS=-I/home/via/prog/github/imported/third/libxshmfence-1.3/include  XSHMFENCE_LIBS=-L/home/via/prog/github/imported/third/libxshmfence-1.3/lib -lxshmfence  XSERVERCFLAGS_CFLAGS="-I/home/via/prog/github/imported/third/pixman-0.40.0/include/pixman-1 -I/home/via/prog/github/imported/third/libxkbfile-1.1.0/include -I/home/via/prog/github/imported/third/libdrm-2.4.107/include -I/home/via/prog/github/imported/third/libdrm-2.4.107/include/libdrm -I/home/via/prog/github/imported/third/libdrm-2.4.107/include/libkms -I/home/via/prog/github/imported/third/libXfont2-2.0.3/include -I/home/via/prog/github/imported/third/xorgproto-2020.1/include -I/home/via/prog/github/imported/third/xorgproto-2020.1/include/GL -I/home/via/prog/github/imported/third/xorgproto-2020.1/include/X11 -I/home/via/prog/github/imported/third/xorgproto-2020.1/include/X11/dri -I/home/via/prog/github/imported/third/libXAU-1.14/include -I/home/via/prog/github/imported/third/libxshmfence-1.3/include -I/home/via/prog/github/imported/third/libXdmcp-1.1.3/include -I/home/via/prog/github/imported/third/libfontenc-1.1.4/include " XSERVERCFLAGS_LIBS="-L/home/via/prog/github/imported/third/pixman-0.40.0/lib -lpixman-1 -L/home/via/prog/github/imported/third/libxkbfile-1.1.0/lib -lxkbfile -L/home/via/prog/github/imported/third/libdrm-2.4.107/lib/x86_64-linux-gnu -ldrm -lkms -L/home/via/prog/github/imported/third/libXfont2-2.0.3/lib -lXfont2 -L/home/via/prog/github/imported/third/libXAU-1.14/lib -lXau -L/home/via/prog/github/imported/third/libxshmfence-1.3/lib -lxshmfence -L/home/via/prog/github/imported/third/libXdmcp-1.1.3/lib -lXdmcp -L/home/via/prog/github/imported/third/libfontenc-1.1.4/lib -lfontenc " XSERVERLIBS_CFLAGS="-I/home/via/prog/github/imported/third/pixman-0.40.0/include/pixman-1 -I/home/via/prog/github/imported/third/libxkbfile-1.1.0/include -I/home/via/prog/github/imported/third/libXfont2-2.0.3/include -I/home/via/prog/github/imported/third/xorgproto-2020.1/include -I/home/via/prog/github/imported/third/xorgproto-2020.1/include/GL -I/home/via/prog/github/imported/third/xorgproto-2020.1/include/X11 -I/home/via/prog/github/imported/third/xorgproto-2020.1/include/X11/dri -I/home/via/prog/github/imported/third/libXAU-1.14/include -I/home/via/prog/github/imported/third/libxshmfence-1.3/include -I/home/via/prog/github/imported/third/libXdmcp-1.1.3/include -I/home/via/prog/github/imported/third/libfontenc-1.1.4/include " XSERVERLIBS_LIBS="-L/home/via/prog/github/imported/third/pixman-0.40.0/lib -lpixman-1 -L/home/via/prog/github/imported/third/libxkbfile-1.1.0/lib -lxkbfile -L/home/via/prog/github/imported/third/libXfont2-2.0.3/lib -lXfont2 -L/home/via/prog/github/imported/third/libXAU-1.14/lib -lXau -L/home/via/prog/github/imported/third/libxshmfence-1.3/lib -lxshmfence -L/home/via/prog/github/imported/third/libXdmcp-1.1.3/lib -lXdmcp -L/home/via/prog/github/imported/third/libfontenc-1.1.4/lib -lfontenc "

## --------- ##
## Platform. ##
## --------- ##

hostname = via-VirtualBox
uname -m = x86_64
uname -r = 5.11.0-38-generic
uname -s = Linux
uname -v = #42~20.04.1-Ubuntu SMP Tue Sep 28 20:41:07 UTC 2021

/usr/bin/uname -p = x86_64
/bin/uname -X     = unknown

/bin/arch              = x86_64
/usr/bin/arch -k       = unknown
/usr/convex/getsysinfo = unknown
/usr/bin/hostinfo      = unknown
/bin/machine           = unknown
/usr/bin/oslevel       = unknown
/bin/universe          = unknown

PATH: /usr/local/sbin
PATH: /usr/local/bin
PATH: /usr/sbin
PATH: /usr/bin
PATH: /sbin
PATH: /bin
PATH: /usr/games
PATH: /usr/local/games
PATH: /snap/bin


## ----------- ##
## Core tests. ##
## ----------- ##

configure:3672: checking for a BSD-compatible install
configure:3740: result: /usr/bin/install -c
configure:3751: checking whether build environment is sane
configure:3806: result: yes
configure:3955: checking for a thread-safe mkdir -p
configure:3994: result: /usr/bin/mkdir -p
configure:4001: checking for gawk
configure:4031: result: no
configure:4001: checking for mawk
configure:4017: found /usr/bin/mawk
configure:4028: result: mawk
configure:4039: checking whether make sets $(MAKE)
configure:4061: result: yes
configure:4090: checking whether make supports nested variables
configure:4107: result: yes
configure:4237: checking whether make supports the include directive
configure:4252: make -f confmf.GNU && cat confinc.out
make[3]: Entering directory '/home/via/prog/github/imported/xorg-server'
make[3]: Leaving directory '/home/via/prog/github/imported/xorg-server'
this is the am__doit target
configure:4255: $? = 0
configure:4274: result: yes (GNU style)
configure:4304: checking for xcb-damage-gcc
configure:4334: result: no
configure:4344: checking for gcc
configure:4360: found /usr/bin/gcc
configure:4371: result: gcc
configure:4600: checking for C compiler version
configure:4609: gcc --version >&5
gcc (Ubuntu 9.3.0-17ubuntu1~20.04) 9.3.0
Copyright (C) 2019 Free Software Foundation, Inc.
This is free software; see the source for copying conditions.  There is NO
warranty; not even for MERCHANTABILITY or FITNESS FOR A PARTICULAR PURPOSE.

configure:4620: $? = 0
configure:4609: gcc -v >&5
Using built-in specs.
COLLECT_GCC=gcc
COLLECT_LTO_WRAPPER=/usr/lib/gcc/x86_64-linux-gnu/9/lto-wrapper
OFFLOAD_TARGET_NAMES=nvptx-none:hsa
OFFLOAD_TARGET_DEFAULT=1
Target: x86_64-linux-gnu
Configured with: ../src/configure -v --with-pkgversion='Ubuntu 9.3.0-17ubuntu1~20.04' --with-bugurl=file:///usr/share/doc/gcc-9/README.Bugs --enable-languages=c,ada,c++,go,brig,d,fortran,objc,obj-c++,gm2 --prefix=/usr --with-gcc-major-version-only --program-suffix=-9 --program-prefix=x86_64-linux-gnu- --enable-shared --enable-linker-build-id --libexecdir=/usr/lib --without-included-gettext --enable-threads=posix --libdir=/usr/lib --enable-nls --enable-clocale=gnu --enable-libstdcxx-debug --enable-libstdcxx-time=yes --with-default-libstdcxx-abi=new --enable-gnu-unique-object --disable-vtable-verify --enable-plugin --enable-default-pie --with-system-zlib --with-target-system-zlib=auto --enable-objc-gc=auto --enable-multiarch --disable-werror --with-arch-32=i686 --with-abi=m64 --with-multilib-list=m32,m64,mx32 --enable-multilib --with-tune=generic --enable-offload-targets=nvptx-none=/build/gcc-9-HskZEa/gcc-9-9.3.0/debian/tmp-nvptx/usr,hsa --without-cuda-driver --enable-checking=release --build=x86_64-linux-gnu --host=x86_64-linux-gnu --target=x86_64-linux-gnu
Thread model: posix
gcc version 9.3.0 (Ubuntu 9.3.0-17ubuntu1~20.04) 
configure:4620: $? = 0
configure:4609: gcc -V >&5
gcc: error: unrecognized command line option '-V'
gcc: fatal error: no input files
compilation terminated.
configure:4620: $? = 1
configure:4609: gcc -qversion >&5
gcc: error: unrecognized command line option '-qversion'; did you mean '--version'?
gcc: fatal error: no input files
compilation terminated.
configure:4620: $? = 1
configure:4640: checking whether the C compiler works
configure:4662: gcc    conftest.c  >&5
configure:4666: $? = 0
configure:4714: result: yes
configure:4717: checking for C compiler default output file name
configure:4719: result: a.out
configure:4725: checking for suffix of executables
configure:4732: gcc -o conftest    conftest.c  >&5
configure:4736: $? = 0
configure:4758: result: 
configure:4780: checking whether we are cross compiling
configure:4788: gcc -o conftest    conftest.c  >&5
configure:4792: $? = 0
configure:4799: ./conftest
configure:4803: $? = 0
configure:4791: result: no
configure:4796: checking for suffix of object files
configure:4818: gcc -c   conftest.c >&5
configure:4822: $? = 0
configure:4843: result: o
configure:4847: checking whether we are using the GNU C compiler
configure:4866: gcc -c   conftest.c >&5
configure:4866: $? = 0
configure:4875: result: yes
configure:4884: checking whether gcc accepts -g
configure:4904: gcc -c -g  conftest.c >&5
configure:4904: $? = 0
configure:4945: result: yes
configure:4962: checking for gcc option to accept ISO C89
configure:5025: gcc  -c -g -O2  conftest.c >&5
configure:5025: $? = 0
configure:5038: result: none needed
configure:5063: checking whether gcc understands -c and -o together
configure:5085: gcc -c conftest.c -o conftest2.o
configure:5088: $? = 0
configure:5085: gcc -c conftest.c -o conftest2.o
configure:5088: $? = 0
configure:5100: result: yes
configure:5119: checking dependency style of gcc
configure:5230: result: none
configure:5251: checking how to run the C preprocessor
configure:5282: gcc -E  conftest.c
configure:5282: $? = 0
configure:5296: gcc -E  conftest.c
conftest.c:11:10: fatal error: ac_nonexistent.h: No such file or directory
   11 | #include <ac_nonexistent.h>
      |          ^~~~~~~~~~~~~~~~~~
compilation terminated.
configure:5296: $? = 1
configure: failed program was:
| /* confdefs.h */
| #define PACKAGE_NAME "xorg-server"
| #define PACKAGE_TARNAME "xorg-server"
| #define PACKAGE_VERSION "1.20.10"
| #define PACKAGE_STRING "xorg-server 1.20.10"
| #define PACKAGE_BUGREPORT "https://gitlab.freedesktop.org/xorg/xserver/issues"
| #define PACKAGE_URL ""
| #define PACKAGE "xorg-server"
| #define VERSION "1.20.10"
| /* end confdefs.h.  */
| #include <ac_nonexistent.h>
configure:5321: result: gcc -E
configure:5341: gcc -E  conftest.c
configure:5341: $? = 0
configure:5355: gcc -E  conftest.c
conftest.c:11:10: fatal error: ac_nonexistent.h: No such file or directory
   11 | #include <ac_nonexistent.h>
      |          ^~~~~~~~~~~~~~~~~~
compilation terminated.
configure:5355: $? = 1
configure: failed program was:
| /* confdefs.h */
| #define PACKAGE_NAME "xorg-server"
| #define PACKAGE_TARNAME "xorg-server"
| #define PACKAGE_VERSION "1.20.10"
| #define PACKAGE_STRING "xorg-server 1.20.10"
| #define PACKAGE_BUGREPORT "https://gitlab.freedesktop.org/xorg/xserver/issues"
| #define PACKAGE_URL ""
| #define PACKAGE "xorg-server"
| #define VERSION "1.20.10"
| /* end confdefs.h.  */
| #include <ac_nonexistent.h>
configure:5384: checking for grep that handles long lines and -e
configure:5442: result: /usr/bin/grep
configure:5447: checking for egrep
configure:5509: result: /usr/bin/grep -E
configure:5514: checking for ANSI C header files
configure:5534: gcc -c -g -O2  conftest.c >&5
configure:5534: $? = 0
configure:5607: gcc -o conftest -g -O2   conftest.c  >&5
configure:5607: $? = 0
configure:5607: ./conftest
configure:5607: $? = 0
configure:5618: result: yes
configure:5631: checking for sys/types.h
configure:5631: gcc -c -g -O2  conftest.c >&5
configure:5631: $? = 0
configure:5631: result: yes
configure:5631: checking for sys/stat.h
configure:5631: gcc -c -g -O2  conftest.c >&5
configure:5631: $? = 0
configure:5631: result: yes
configure:5631: checking for stdlib.h
configure:5631: gcc -c -g -O2  conftest.c >&5
configure:5631: $? = 0
configure:5631: result: yes
configure:5631: checking for string.h
configure:5631: gcc -c -g -O2  conftest.c >&5
configure:5631: $? = 0
configure:5631: result: yes
configure:5631: checking for memory.h
configure:5631: gcc -c -g -O2  conftest.c >&5
configure:5631: $? = 0
configure:5631: result: yes
configure:5631: checking for strings.h
configure:5631: gcc -c -g -O2  conftest.c >&5
configure:5631: $? = 0
configure:5631: result: yes
configure:5631: checking for inttypes.h
configure:5631: gcc -c -g -O2  conftest.c >&5
configure:5631: $? = 0
configure:5631: result: yes
configure:5631: checking for stdint.h
configure:5631: gcc -c -g -O2  conftest.c >&5
configure:5631: $? = 0
configure:5631: result: yes
configure:5631: checking for unistd.h
configure:5631: gcc -c -g -O2  conftest.c >&5
configure:5631: $? = 0
configure:5631: result: yes
configure:5644: checking minix/config.h usability
configure:5644: gcc -c -g -O2  conftest.c >&5
conftest.c:54:10: fatal error: minix/config.h: No such file or directory
   54 | #include <minix/config.h>
      |          ^~~~~~~~~~~~~~~~
compilation terminated.
configure:5644: $? = 1
configure: failed program was:
| /* confdefs.h */
| #define PACKAGE_NAME "xorg-server"
| #define PACKAGE_TARNAME "xorg-server"
| #define PACKAGE_VERSION "1.20.10"
| #define PACKAGE_STRING "xorg-server 1.20.10"
| #define PACKAGE_BUGREPORT "https://gitlab.freedesktop.org/xorg/xserver/issues"
| #define PACKAGE_URL ""
| #define PACKAGE "xorg-server"
| #define VERSION "1.20.10"
| #define STDC_HEADERS 1
| #define HAVE_SYS_TYPES_H 1
| #define HAVE_SYS_STAT_H 1
| #define HAVE_STDLIB_H 1
| #define HAVE_STRING_H 1
| #define HAVE_MEMORY_H 1
| #define HAVE_STRINGS_H 1
| #define HAVE_INTTYPES_H 1
| #define HAVE_STDINT_H 1
| #define HAVE_UNISTD_H 1
| /* end confdefs.h.  */
| #include <stdio.h>
| #ifdef HAVE_SYS_TYPES_H
| # include <sys/types.h>
| #endif
| #ifdef HAVE_SYS_STAT_H
| # include <sys/stat.h>
| #endif
| #ifdef STDC_HEADERS
| # include <stdlib.h>
| # include <stddef.h>
| #else
| # ifdef HAVE_STDLIB_H
| #  include <stdlib.h>
| # endif
| #endif
| #ifdef HAVE_STRING_H
| # if !defined STDC_HEADERS && defined HAVE_MEMORY_H
| #  include <memory.h>
| # endif
| # include <string.h>
| #endif
| #ifdef HAVE_STRINGS_H
| # include <strings.h>
| #endif
| #ifdef HAVE_INTTYPES_H
| # include <inttypes.h>
| #endif
| #ifdef HAVE_STDINT_H
| # include <stdint.h>
| #endif
| #ifdef HAVE_UNISTD_H
| # include <unistd.h>
| #endif
| #include <minix/config.h>
configure:5644: result: no
configure:5644: checking minix/config.h presence
configure:5644: gcc -E  conftest.c
conftest.c:21:10: fatal error: minix/config.h: No such file or directory
   21 | #include <minix/config.h>
      |          ^~~~~~~~~~~~~~~~
compilation terminated.
configure:5644: $? = 1
configure: failed program was:
| /* confdefs.h */
| #define PACKAGE_NAME "xorg-server"
| #define PACKAGE_TARNAME "xorg-server"
| #define PACKAGE_VERSION "1.20.10"
| #define PACKAGE_STRING "xorg-server 1.20.10"
| #define PACKAGE_BUGREPORT "https://gitlab.freedesktop.org/xorg/xserver/issues"
| #define PACKAGE_URL ""
| #define PACKAGE "xorg-server"
| #define VERSION "1.20.10"
| #define STDC_HEADERS 1
| #define HAVE_SYS_TYPES_H 1
| #define HAVE_SYS_STAT_H 1
| #define HAVE_STDLIB_H 1
| #define HAVE_STRING_H 1
| #define HAVE_MEMORY_H 1
| #define HAVE_STRINGS_H 1
| #define HAVE_INTTYPES_H 1
| #define HAVE_STDINT_H 1
| #define HAVE_UNISTD_H 1
| /* end confdefs.h.  */
| #include <minix/config.h>
configure:5644: result: no
configure:5644: checking for minix/config.h
configure:5644: result: no
configure:5665: checking whether it is safe to define __EXTENSIONS__
configure:5683: gcc -c -g -O2  conftest.c >&5
configure:5683: $? = 0
configure:5690: result: yes
configure:5717: checking for gcc option to accept ISO C99
configure:5866: gcc  -c -g -O2  conftest.c >&5
configure:5866: $? = 0
configure:5879: result: none needed
configure:5898: checking whether __clang__ is declared
configure:5898: gcc -c -g -O2  conftest.c >&5
conftest.c: In function 'main':
conftest.c:66:10: error: '__clang__' undeclared (first use in this function)
   66 |   (void) __clang__;
      |          ^~~~~~~~~
conftest.c:66:10: note: each undeclared identifier is reported only once for each function it appears in
configure:5898: $? = 1
configure: failed program was:
| /* confdefs.h */
| #define PACKAGE_NAME "xorg-server"
| #define PACKAGE_TARNAME "xorg-server"
| #define PACKAGE_VERSION "1.20.10"
| #define PACKAGE_STRING "xorg-server 1.20.10"
| #define PACKAGE_BUGREPORT "https://gitlab.freedesktop.org/xorg/xserver/issues"
| #define PACKAGE_URL ""
| #define PACKAGE "xorg-server"
| #define VERSION "1.20.10"
| #define STDC_HEADERS 1
| #define HAVE_SYS_TYPES_H 1
| #define HAVE_SYS_STAT_H 1
| #define HAVE_STDLIB_H 1
| #define HAVE_STRING_H 1
| #define HAVE_MEMORY_H 1
| #define HAVE_STRINGS_H 1
| #define HAVE_INTTYPES_H 1
| #define HAVE_STDINT_H 1
| #define HAVE_UNISTD_H 1
| #define __EXTENSIONS__ 1
| #define _ALL_SOURCE 1
| #define _GNU_SOURCE 1
| #define _POSIX_PTHREAD_SEMANTICS 1
| #define _TANDEM_SOURCE 1
| /* end confdefs.h.  */
| #include <stdio.h>
| #ifdef HAVE_SYS_TYPES_H
| # include <sys/types.h>
| #endif
| #ifdef HAVE_SYS_STAT_H
| # include <sys/stat.h>
| #endif
| #ifdef STDC_HEADERS
| # include <stdlib.h>
| # include <stddef.h>
| #else
| # ifdef HAVE_STDLIB_H
| #  include <stdlib.h>
| # endif
| #endif
| #ifdef HAVE_STRING_H
| # if !defined STDC_HEADERS && defined HAVE_MEMORY_H
| #  include <memory.h>
| # endif
| # include <string.h>
| #endif
| #ifdef HAVE_STRINGS_H
| # include <strings.h>
| #endif
| #ifdef HAVE_INTTYPES_H
| # include <inttypes.h>
| #endif
| #ifdef HAVE_STDINT_H
| # include <stdint.h>
| #endif
| #ifdef HAVE_UNISTD_H
| # include <unistd.h>
| #endif
| int
| main ()
| {
| #ifndef __clang__
| #ifdef __cplusplus
|   (void) __clang__;
| #else
|   (void) __clang__;
| #endif
| #endif
| 
|   ;
|   return 0;
| }
configure:5898: result: no
configure:5905: checking whether __INTEL_COMPILER is declared
configure:5905: gcc -c -g -O2  conftest.c >&5
conftest.c: In function 'main':
conftest.c:66:10: error: '__INTEL_COMPILER' undeclared (first use in this function)
   66 |   (void) __INTEL_COMPILER;
      |          ^~~~~~~~~~~~~~~~
conftest.c:66:10: note: each undeclared identifier is reported only once for each function it appears in
configure:5905: $? = 1
configure: failed program was:
| /* confdefs.h */
| #define PACKAGE_NAME "xorg-server"
| #define PACKAGE_TARNAME "xorg-server"
| #define PACKAGE_VERSION "1.20.10"
| #define PACKAGE_STRING "xorg-server 1.20.10"
| #define PACKAGE_BUGREPORT "https://gitlab.freedesktop.org/xorg/xserver/issues"
| #define PACKAGE_URL ""
| #define PACKAGE "xorg-server"
| #define VERSION "1.20.10"
| #define STDC_HEADERS 1
| #define HAVE_SYS_TYPES_H 1
| #define HAVE_SYS_STAT_H 1
| #define HAVE_STDLIB_H 1
| #define HAVE_STRING_H 1
| #define HAVE_MEMORY_H 1
| #define HAVE_STRINGS_H 1
| #define HAVE_INTTYPES_H 1
| #define HAVE_STDINT_H 1
| #define HAVE_UNISTD_H 1
| #define __EXTENSIONS__ 1
| #define _ALL_SOURCE 1
| #define _GNU_SOURCE 1
| #define _POSIX_PTHREAD_SEMANTICS 1
| #define _TANDEM_SOURCE 1
| /* end confdefs.h.  */
| #include <stdio.h>
| #ifdef HAVE_SYS_TYPES_H
| # include <sys/types.h>
| #endif
| #ifdef HAVE_SYS_STAT_H
| # include <sys/stat.h>
| #endif
| #ifdef STDC_HEADERS
| # include <stdlib.h>
| # include <stddef.h>
| #else
| # ifdef HAVE_STDLIB_H
| #  include <stdlib.h>
| # endif
| #endif
| #ifdef HAVE_STRING_H
| # if !defined STDC_HEADERS && defined HAVE_MEMORY_H
| #  include <memory.h>
| # endif
| # include <string.h>
| #endif
| #ifdef HAVE_STRINGS_H
| # include <strings.h>
| #endif
| #ifdef HAVE_INTTYPES_H
| # include <inttypes.h>
| #endif
| #ifdef HAVE_STDINT_H
| # include <stdint.h>
| #endif
| #ifdef HAVE_UNISTD_H
| # include <unistd.h>
| #endif
| int
| main ()
| {
| #ifndef __INTEL_COMPILER
| #ifdef __cplusplus
|   (void) __INTEL_COMPILER;
| #else
|   (void) __INTEL_COMPILER;
| #endif
| #endif
| 
|   ;
|   return 0;
| }
configure:5905: result: no
configure:5912: checking whether __SUNPRO_C is declared
configure:5912: gcc -c -g -O2  conftest.c >&5
conftest.c: In function 'main':
conftest.c:66:10: error: '__SUNPRO_C' undeclared (first use in this function)
   66 |   (void) __SUNPRO_C;
      |          ^~~~~~~~~~
conftest.c:66:10: note: each undeclared identifier is reported only once for each function it appears in
configure:5912: $? = 1
configure: failed program was:
| /* confdefs.h */
| #define PACKAGE_NAME "xorg-server"
| #define PACKAGE_TARNAME "xorg-server"
| #define PACKAGE_VERSION "1.20.10"
| #define PACKAGE_STRING "xorg-server 1.20.10"
| #define PACKAGE_BUGREPORT "https://gitlab.freedesktop.org/xorg/xserver/issues"
| #define PACKAGE_URL ""
| #define PACKAGE "xorg-server"
| #define VERSION "1.20.10"
| #define STDC_HEADERS 1
| #define HAVE_SYS_TYPES_H 1
| #define HAVE_SYS_STAT_H 1
| #define HAVE_STDLIB_H 1
| #define HAVE_STRING_H 1
| #define HAVE_MEMORY_H 1
| #define HAVE_STRINGS_H 1
| #define HAVE_INTTYPES_H 1
| #define HAVE_STDINT_H 1
| #define HAVE_UNISTD_H 1
| #define __EXTENSIONS__ 1
| #define _ALL_SOURCE 1
| #define _GNU_SOURCE 1
| #define _POSIX_PTHREAD_SEMANTICS 1
| #define _TANDEM_SOURCE 1
| /* end confdefs.h.  */
| #include <stdio.h>
| #ifdef HAVE_SYS_TYPES_H
| # include <sys/types.h>
| #endif
| #ifdef HAVE_SYS_STAT_H
| # include <sys/stat.h>
| #endif
| #ifdef STDC_HEADERS
| # include <stdlib.h>
| # include <stddef.h>
| #else
| # ifdef HAVE_STDLIB_H
| #  include <stdlib.h>
| # endif
| #endif
| #ifdef HAVE_STRING_H
| # if !defined STDC_HEADERS && defined HAVE_MEMORY_H
| #  include <memory.h>
| # endif
| # include <string.h>
| #endif
| #ifdef HAVE_STRINGS_H
| # include <strings.h>
| #endif
| #ifdef HAVE_INTTYPES_H
| # include <inttypes.h>
| #endif
| #ifdef HAVE_STDINT_H
| # include <stdint.h>
| #endif
| #ifdef HAVE_UNISTD_H
| # include <unistd.h>
| #endif
| int
| main ()
| {
| #ifndef __SUNPRO_C
| #ifdef __cplusplus
|   (void) __SUNPRO_C;
| #else
|   (void) __SUNPRO_C;
| #endif
| #endif
| 
|   ;
|   return 0;
| }
configure:5912: result: no
configure:5931: checking for xcb-damage-pkg-config
configure:5964: result: no
configure:5974: checking for pkg-config
configure:5992: found /usr/bin/pkg-config
configure:6004: result: /usr/bin/pkg-config
configure:6029: checking pkg-config is at least version 0.9.0
configure:6032: result: yes
configure:6044: checking build system type
configure:6055: error: /bin/bash ./config.sub xcb-damage failed

## ---------------- ##
## Cache variables. ##
## ---------------- ##

ac_cv_build=
ac_cv_c_compiler_gnu=yes
ac_cv_env_CCASFLAGS_set=
ac_cv_env_CCASFLAGS_value=
ac_cv_env_CCAS_set=
ac_cv_env_CCAS_value=
ac_cv_env_CC_set=
ac_cv_env_CC_value=
ac_cv_env_CFLAGS_set=
ac_cv_env_CFLAGS_value=
ac_cv_env_CPPFLAGS_set=
ac_cv_env_CPPFLAGS_value=
ac_cv_env_CPP_set=
ac_cv_env_CPP_value=
ac_cv_env_DBUS_CFLAGS_set=
ac_cv_env_DBUS_CFLAGS_value=
ac_cv_env_DBUS_LIBS_set=
ac_cv_env_DBUS_LIBS_value=
ac_cv_env_DGA_CFLAGS_set=
ac_cv_env_DGA_CFLAGS_value=
ac_cv_env_DGA_LIBS_set=
ac_cv_env_DGA_LIBS_value=
ac_cv_env_DMXEXAMPLES_DEP_CFLAGS_set=
ac_cv_env_DMXEXAMPLES_DEP_CFLAGS_value=
ac_cv_env_DMXEXAMPLES_DEP_LIBS_set=
ac_cv_env_DMXEXAMPLES_DEP_LIBS_value=
ac_cv_env_DMXMODULES_CFLAGS_set=
ac_cv_env_DMXMODULES_CFLAGS_value=
ac_cv_env_DMXMODULES_LIBS_set=
ac_cv_env_DMXMODULES_LIBS_value=
ac_cv_env_DMXXIEXAMPLES_DEP_CFLAGS_set=
ac_cv_env_DMXXIEXAMPLES_DEP_CFLAGS_value=
ac_cv_env_DMXXIEXAMPLES_DEP_LIBS_set=
ac_cv_env_DMXXIEXAMPLES_DEP_LIBS_value=
ac_cv_env_DMXXMUEXAMPLES_DEP_CFLAGS_set=
ac_cv_env_DMXXMUEXAMPLES_DEP_CFLAGS_value=
ac_cv_env_DMXXMUEXAMPLES_DEP_LIBS_set=
ac_cv_env_DMXXMUEXAMPLES_DEP_LIBS_value=
ac_cv_env_DOT_set=
ac_cv_env_DOT_value=
ac_cv_env_DOXYGEN_set=
ac_cv_env_DOXYGEN_value=
ac_cv_env_DRI2PROTO_CFLAGS_set=
ac_cv_env_DRI2PROTO_CFLAGS_value=
ac_cv_env_DRI2PROTO_LIBS_set=
ac_cv_env_DRI2PROTO_LIBS_value=
ac_cv_env_DRI3PROTO_CFLAGS_set=
ac_cv_env_DRI3PROTO_CFLAGS_value=
ac_cv_env_DRI3PROTO_LIBS_set=
ac_cv_env_DRI3PROTO_LIBS_value=
ac_cv_env_FOP_set=
ac_cv_env_FOP_value=
ac_cv_env_GBM_CFLAGS_set=
ac_cv_env_GBM_CFLAGS_value=
ac_cv_env_GBM_LIBS_set=
ac_cv_env_GBM_LIBS_value=
ac_cv_env_GLAMOR_CFLAGS_set=set
ac_cv_env_GLAMOR_CFLAGS_value='"-I/home/via/prog/github/imported/third/libepoxy-1.5.9/include"'
ac_cv_env_GLAMOR_LIBS_set=set
ac_cv_env_GLAMOR_LIBS_value='"-L/home/via/prog/github/imported/third/libepoxy-1.5.9/lib/x86_64-linux-gnu -lepoxy"'
ac_cv_env_GL_CFLAGS_set=set
ac_cv_env_GL_CFLAGS_value='"-I/home/via/prog/github/imported/third/mesa-20.3.0/include -I/home/via/prog/github/imported/third/mesa-20.3.0/include/GL "'
ac_cv_env_GL_LIBS_set=set
ac_cv_env_GL_LIBS_value='"-L/home/via/prog/github/imported/third/mesa-20.3.0/lib//lib/x86_64-linux-gnu -lGL "'
ac_cv_env_HAL_CFLAGS_set=
ac_cv_env_HAL_CFLAGS_value=
ac_cv_env_HAL_LIBS_set=
ac_cv_env_HAL_LIBS_value=
ac_cv_env_KHRONOS_OPENGL_REGISTRY_CFLAGS_set=
ac_cv_env_KHRONOS_OPENGL_REGISTRY_CFLAGS_value=
ac_cv_env_KHRONOS_OPENGL_REGISTRY_LIBS_set=
ac_cv_env_KHRONOS_OPENGL_REGISTRY_LIBS_value=
ac_cv_env_LDFLAGS_set=
ac_cv_env_LDFLAGS_value=
ac_cv_env_LIBDRM_CFLAGS_set=set
ac_cv_env_LIBDRM_CFLAGS_value='"-I/home/via/prog/github/imported/third/libdrm-2.4.107/include -I/home/via/prog/github/imported/third/libdrm-2.4.107/include/libdrm -I/home/via/prog/github/imported/third/libdrm-2.4.107/include/libkms "'
ac_cv_env_LIBDRM_LIBS_set=set
ac_cv_env_LIBDRM_LIBS_value='"-L/home/via/prog/github/imported/third/libdrm-2.4.107/lib/x86_64-linux-gnu -ldrm -lkms "'
ac_cv_env_LIBSHA1_CFLAGS_set=
ac_cv_env_LIBSHA1_CFLAGS_value=
ac_cv_env_LIBSHA1_LIBS_set=
ac_cv_env_LIBSHA1_LIBS_value=
ac_cv_env_LIBS_set=
ac_cv_env_LIBS_value=
ac_cv_env_LIBUNWIND_CFLAGS_set=
ac_cv_env_LIBUNWIND_CFLAGS_value=
ac_cv_env_LIBUNWIND_LIBS_set=
ac_cv_env_LIBUNWIND_LIBS_value=
ac_cv_env_LT_SYS_LIBRARY_PATH_set=
ac_cv_env_LT_SYS_LIBRARY_PATH_value=
ac_cv_env_OPENSSL_CFLAGS_set=
ac_cv_env_OPENSSL_CFLAGS_value=
ac_cv_env_OPENSSL_LIBS_set=
ac_cv_env_OPENSSL_LIBS_value=
ac_cv_env_PCIACCESS_CFLAGS_set=set
ac_cv_env_PCIACCESS_CFLAGS_value='"-I/home/via/prog/github/imported/third/libpciaccess-0.16/include"'
ac_cv_env_PCIACCESS_LIBS_set=set
ac_cv_env_PCIACCESS_LIBS_value='"-L/home/via/prog/github/imported/third/libpciaccess-0.16/lib -lpciaccess "'
ac_cv_env_PIXMAN_CFLAGS_set=set
ac_cv_env_PIXMAN_CFLAGS_value='{PIXMAN_CFLAG}'
ac_cv_env_PIXMAN_LIBS_set=set
ac_cv_env_PIXMAN_LIBS_value='-L/home/via/prog/github/imported/third/pixman-0.40.0/lib -lpixman-1 '
ac_cv_env_PKG_CONFIG_LIBDIR_set=
ac_cv_env_PKG_CONFIG_LIBDIR_value=
ac_cv_env_PKG_CONFIG_PATH_set=
ac_cv_env_PKG_CONFIG_PATH_value=
ac_cv_env_PKG_CONFIG_set=
ac_cv_env_PKG_CONFIG_value=
ac_cv_env_SELINUX_CFLAGS_set=
ac_cv_env_SELINUX_CFLAGS_value=
ac_cv_env_SELINUX_LIBS_set=
ac_cv_env_SELINUX_LIBS_value=
ac_cv_env_SYSTEMD_DAEMON_CFLAGS_set=
ac_cv_env_SYSTEMD_DAEMON_CFLAGS_value=
ac_cv_env_SYSTEMD_DAEMON_LIBS_set=
ac_cv_env_SYSTEMD_DAEMON_LIBS_value=
ac_cv_env_UDEV_CFLAGS_set=
ac_cv_env_UDEV_CFLAGS_value=
ac_cv_env_UDEV_LIBS_set=
ac_cv_env_UDEV_LIBS_value=
ac_cv_env_WAYLAND_EGLSTREAM_CFLAGS_set=
ac_cv_env_WAYLAND_EGLSTREAM_CFLAGS_value=
ac_cv_env_WAYLAND_EGLSTREAM_LIBS_set=
ac_cv_env_WAYLAND_EGLSTREAM_LIBS_value=
ac_cv_env_WAYLAND_SCANNER_CFLAGS_set=
ac_cv_env_WAYLAND_SCANNER_CFLAGS_value=
ac_cv_env_WAYLAND_SCANNER_LIBS_set=
ac_cv_env_WAYLAND_SCANNER_LIBS_value=
ac_cv_env_WINDOWSDRI_CFLAGS_set=
ac_cv_env_WINDOWSDRI_CFLAGS_value=
ac_cv_env_WINDOWSDRI_LIBS_set=
ac_cv_env_WINDOWSDRI_LIBS_value=
ac_cv_env_WINDOWSWM_CFLAGS_set=
ac_cv_env_WINDOWSWM_CFLAGS_value=
ac_cv_env_WINDOWSWM_LIBS_set=
ac_cv_env_WINDOWSWM_LIBS_value=
ac_cv_env_X11EXAMPLES_DEP_CFLAGS_set=
ac_cv_env_X11EXAMPLES_DEP_CFLAGS_value=
ac_cv_env_X11EXAMPLES_DEP_LIBS_set=
ac_cv_env_X11EXAMPLES_DEP_LIBS_value=
ac_cv_env_XDMCP_CFLAGS_set=set
ac_cv_env_XDMCP_CFLAGS_value='-I/home/via/prog/github/imported/third/libXdmcp-1.1.3/include '
ac_cv_env_XDMCP_LIBS_set=set
ac_cv_env_XDMCP_LIBS_value='-L/home/via/prog/github/imported/third/libXdmcp-1.1.3/lib -lXdmcp '
ac_cv_env_XDMXCONFIG_DEP_CFLAGS_set=
ac_cv_env_XDMXCONFIG_DEP_CFLAGS_value=
ac_cv_env_XDMXCONFIG_DEP_LIBS_set=
ac_cv_env_XDMXCONFIG_DEP_LIBS_value=
ac_cv_env_XEPHYR_CFLAGS_set=
ac_cv_env_XEPHYR_CFLAGS_value=
ac_cv_env_XEPHYR_LIBS_set=
ac_cv_env_XEPHYR_LIBS_value=
ac_cv_env_XLIB_CFLAGS_set=
ac_cv_env_XLIB_CFLAGS_value=
ac_cv_env_XLIB_LIBS_set=
ac_cv_env_XLIB_LIBS_value=
ac_cv_env_XMLTO_set=
ac_cv_env_XMLTO_value=
ac_cv_env_XNESTMODULES_CFLAGS_set=
ac_cv_env_XNESTMODULES_CFLAGS_value=
ac_cv_env_XNESTMODULES_LIBS_set=
ac_cv_env_XNESTMODULES_LIBS_value=
ac_cv_env_XORG_MALLOC_DEBUG_ENV_set=
ac_cv_env_XORG_MALLOC_DEBUG_ENV_value=
ac_cv_env_XORG_MODULES_CFLAGS_set=
ac_cv_env_XORG_MODULES_CFLAGS_value=
ac_cv_env_XORG_MODULES_LIBS_set=
ac_cv_env_XORG_MODULES_LIBS_value=
ac_cv_env_XPBPROXY_CFLAGS_set=
ac_cv_env_XPBPROXY_CFLAGS_value=
ac_cv_env_XPBPROXY_LIBS_set=
ac_cv_env_XPBPROXY_LIBS_value=
ac_cv_env_XRESEXAMPLES_DEP_CFLAGS_set=
ac_cv_env_XRESEXAMPLES_DEP_CFLAGS_value=
ac_cv_env_XRESEXAMPLES_DEP_LIBS_set=
ac_cv_env_XRESEXAMPLES_DEP_LIBS_value=
ac_cv_env_XSERVERCFLAGS_CFLAGS_set=set
ac_cv_env_XSERVERCFLAGS_CFLAGS_value='"-I/home/via/prog/github/imported/third/pixman-0.40.0/include/pixman-1 -I/home/via/prog/github/imported/third/libxkbfile-1.1.0/include -I/home/via/prog/github/imported/third/libdrm-2.4.107/include -I/home/via/prog/github/imported/third/libdrm-2.4.107/include/libdrm -I/home/via/prog/github/imported/third/libdrm-2.4.107/include/libkms -I/home/via/prog/github/imported/third/libXfont2-2.0.3/include -I/home/via/prog/github/imported/third/xorgproto-2020.1/include -I/home/via/prog/github/imported/third/xorgproto-2020.1/include/GL -I/home/via/prog/github/imported/third/xorgproto-2020.1/include/X11 -I/home/via/prog/github/imported/third/xorgproto-2020.1/include/X11/dri -I/home/via/prog/github/imported/third/libXAU-1.14/include -I/home/via/prog/github/imported/third/libxshmfence-1.3/include -I/home/via/prog/github/imported/third/libXdmcp-1.1.3/include -I/home/via/prog/github/imported/third/libfontenc-1.1.4/include "'
ac_cv_env_XSERVERCFLAGS_LIBS_set=set
ac_cv_env_XSERVERCFLAGS_LIBS_value='"-L/home/via/prog/github/imported/third/pixman-0.40.0/lib -lpixman-1 -L/home/via/prog/github/imported/third/libxkbfile-1.1.0/lib -lxkbfile -L/home/via/prog/github/imported/third/libdrm-2.4.107/lib/x86_64-linux-gnu -ldrm -lkms -L/home/via/prog/github/imported/third/libXfont2-2.0.3/lib -lXfont2 -L/home/via/prog/github/imported/third/libXAU-1.14/lib -lXau -L/home/via/prog/github/imported/third/libxshmfence-1.3/lib -lxshmfence -L/home/via/prog/github/imported/third/libXdmcp-1.1.3/lib -lXdmcp -L/home/via/prog/github/imported/third/libfontenc-1.1.4/lib -lfontenc "'
ac_cv_env_XSERVERLIBS_CFLAGS_set=set
ac_cv_env_XSERVERLIBS_CFLAGS_value='"-I/home/via/prog/github/imported/third/pixman-0.40.0/include/pixman-1 -I/home/via/prog/github/imported/third/libxkbfile-1.1.0/include -I/home/via/prog/github/imported/third/libXfont2-2.0.3/include -I/home/via/prog/github/imported/third/xorgproto-2020.1/include -I/home/via/prog/github/imported/third/xorgproto-2020.1/include/GL -I/home/via/prog/github/imported/third/xorgproto-2020.1/include/X11 -I/home/via/prog/github/imported/third/xorgproto-2020.1/include/X11/dri -I/home/via/prog/github/imported/third/libXAU-1.14/include -I/home/via/prog/github/imported/third/libxshmfence-1.3/include -I/home/via/prog/github/imported/third/libXdmcp-1.1.3/include -I/home/via/prog/github/imported/third/libfontenc-1.1.4/include "'
ac_cv_env_XSERVERLIBS_LIBS_set=set
ac_cv_env_XSERVERLIBS_LIBS_value='"-L/home/via/prog/github/imported/third/pixman-0.40.0/lib -lpixman-1 -L/home/via/prog/github/imported/third/libxkbfile-1.1.0/lib -lxkbfile -L/home/via/prog/github/imported/third/libXfont2-2.0.3/lib -lXfont2 -L/home/via/prog/github/imported/third/libXAU-1.14/lib -lXau -L/home/via/prog/github/imported/third/libxshmfence-1.3/lib -lxshmfence -L/home/via/prog/github/imported/third/libXdmcp-1.1.3/lib -lXdmcp -L/home/via/prog/github/imported/third/libfontenc-1.1.4/lib -lfontenc "'
ac_cv_env_XSHMFENCE_CFLAGS_set=set
ac_cv_env_XSHMFENCE_CFLAGS_value='-I/home/via/prog/github/imported/third/libxshmfence-1.3/include '
ac_cv_env_XSHMFENCE_LIBS_set=set
ac_cv_env_XSHMFENCE_LIBS_value='-L/home/via/prog/github/imported/third/libxshmfence-1.3/lib -lxshmfence '
ac_cv_env_XSLTPROC_set=
ac_cv_env_XSLTPROC_value=
ac_cv_env_XTSTEXAMPLES_DEP_CFLAGS_set=
ac_cv_env_XTSTEXAMPLES_DEP_CFLAGS_value=
ac_cv_env_XTSTEXAMPLES_DEP_LIBS_set=
ac_cv_env_XTSTEXAMPLES_DEP_LIBS_value=
ac_cv_env_XWAYLANDMODULES_CFLAGS_set=
ac_cv_env_XWAYLANDMODULES_CFLAGS_value=
ac_cv_env_XWAYLANDMODULES_LIBS_set=
ac_cv_env_XWAYLANDMODULES_LIBS_value=
ac_cv_env_XWINMODULES_CFLAGS_set=
ac_cv_env_XWINMODULES_CFLAGS_value=
ac_cv_env_XWINMODULES_LIBS_set=
ac_cv_env_XWINMODULES_LIBS_value=
ac_cv_env_YACC_set=
ac_cv_env_YACC_value=
ac_cv_env_YFLAGS_set=
ac_cv_env_YFLAGS_value=
ac_cv_env_build_alias_set=set
ac_cv_env_build_alias_value=xcb-damage
ac_cv_env_host_alias_set=set
ac_cv_env_host_alias_value=xcb-damage
ac_cv_env_target_alias_set=set
ac_cv_env_target_alias_value=xcb-damage
ac_cv_have_decl___INTEL_COMPILER=no
ac_cv_have_decl___SUNPRO_C=no
ac_cv_have_decl___clang__=no
ac_cv_header_inttypes_h=yes
ac_cv_header_memory_h=yes
ac_cv_header_minix_config_h=no
ac_cv_header_stdc=yes
ac_cv_header_stdint_h=yes
ac_cv_header_stdlib_h=yes
ac_cv_header_string_h=yes
ac_cv_header_strings_h=yes
ac_cv_header_sys_stat_h=yes
ac_cv_header_sys_types_h=yes
ac_cv_header_unistd_h=yes
ac_cv_objext=o
ac_cv_path_EGREP='/usr/bin/grep -E'
ac_cv_path_GREP=/usr/bin/grep
ac_cv_path_ac_pt_PKG_CONFIG=/usr/bin/pkg-config
ac_cv_path_install='/usr/bin/install -c'
ac_cv_path_mkdir=/usr/bin/mkdir
ac_cv_prog_AWK=mawk
ac_cv_prog_CPP='gcc -E'
ac_cv_prog_ac_ct_CC=gcc
ac_cv_prog_cc_c89=
ac_cv_prog_cc_c99=
ac_cv_prog_cc_g=yes
ac_cv_prog_make_make_set=yes
ac_cv_safe_to_define___extensions__=yes
am_cv_CC_dependencies_compiler_type=none
am_cv_make_support_nested_variables=yes
am_cv_prog_cc_c_o=yes

## ----------------- ##
## Output variables. ##
## ----------------- ##

ACLOCAL='${SHELL} /home/via/prog/github/imported/xorg-server/missing aclocal-1.16'
ADMIN_MAN_DIR=''
ADMIN_MAN_SUFFIX=''
AGP_FALSE=''
AGP_TRUE=''
ALPHA_VIDEO_FALSE=''
ALPHA_VIDEO_TRUE=''
AMDEPBACKSLASH=''
AMDEP_FALSE=''
AMDEP_TRUE='#'
AMTAR='$${TAR-tar}'
AM_BACKSLASH='\'
AM_DEFAULT_V='$(AM_DEFAULT_VERBOSITY)'
AM_DEFAULT_VERBOSITY='1'
AM_V='$(V)'
APPLE_APPLICATIONS_DIR=''
APPLE_APPLICATION_NAME=''
APP_MAN_DIR=''
APP_MAN_SUFFIX=''
AR=''
ARM_VIDEO_FALSE=''
ARM_VIDEO_TRUE=''
AS=''
AUTOCONF='${SHELL} /home/via/prog/github/imported/xorg-server/missing autoconf'
AUTOHEADER='${SHELL} /home/via/prog/github/imported/xorg-server/missing autoheader'
AUTOMAKE='${SHELL} /home/via/prog/github/imported/xorg-server/missing automake-1.16'
AWK='mawk'
BASE_CFLAGS=''
BASE_FONT_PATH=''
BSD_APM_FALSE=''
BSD_APM_TRUE=''
BSD_KQUEUE_APM_FALSE=''
BSD_KQUEUE_APM_TRUE=''
BUILD_DATE=''
BUILD_TIME=''
BUNDLE_ID_PREFIX=''
BUNDLE_VERSION=''
BUNDLE_VERSION_STRING=''
BUSFAULT_FALSE=''
BUSFAULT_TRUE=''
CC='gcc'
CCAS=''
CCASDEPMODE=''
CCASFLAGS=''
CCDEPMODE='depmode=none'
CFLAGS='-g -O2'
CHANGELOG_CMD=''
CLIENTIDS_FALSE=''
CLIENTIDS_TRUE=''
COMPILEDDEFAULTFONTPATH=''
COMPOSITE_FALSE=''
COMPOSITE_TRUE=''
CONFIG_HAL_FALSE=''
CONFIG_HAL_TRUE=''
CONFIG_UDEV_FALSE=''
CONFIG_UDEV_KMS_FALSE=''
CONFIG_UDEV_KMS_TRUE=''
CONFIG_UDEV_TRUE=''
CONFIG_WSCONS_FALSE=''
CONFIG_WSCONS_TRUE=''
CPP='gcc -E'
CPPFLAGS=''
CWARNFLAGS=''
CYGPATH_W='echo'
CYGWIN_FALSE=''
CYGWIN_TRUE=''
DBE_FALSE=''
DBE_TRUE=''
DBUS_CFLAGS=''
DBUS_LIBS=''
DEBUG_FALSE=''
DEBUG_TRUE=''
DEFAULT_LIBRARY_PATH=''
DEFAULT_LOGDIR=''
DEFAULT_LOGPREFIX=''
DEFAULT_MODULE_PATH=''
DEFAULT_XDG_DATA_HOME=''
DEFAULT_XDG_DATA_HOME_LOGDIR=''
DEFS=''
DEPDIR='.deps'
DGA_CFLAGS=''
DGA_FALSE=''
DGA_LIBS=''
DGA_TRUE=''
DIX_CFLAGS=''
DIX_LIB=''
DLLTOOL=''
DLOPEN_LIBS=''
DMXEXAMPLES_DEP_CFLAGS=''
DMXEXAMPLES_DEP_LIBS=''
DMXMODULES_CFLAGS=''
DMXMODULES_LIBS=''
DMXXIEXAMPLES_DEP_CFLAGS=''
DMXXIEXAMPLES_DEP_LIBS=''
DMXXMUEXAMPLES_DEP_CFLAGS=''
DMXXMUEXAMPLES_DEP_LIBS=''
DMX_BUILD_USB_FALSE=''
DMX_BUILD_USB_TRUE=''
DMX_FALSE=''
DMX_TRUE=''
DOT=''
DOXYGEN=''
DPMSExtension_FALSE=''
DPMSExtension_TRUE=''
DRI2PROTO_CFLAGS=''
DRI2PROTO_LIBS=''
DRI2_FALSE=''
DRI2_TRUE=''
DRI3PROTO_CFLAGS=''
DRI3PROTO_LIBS=''
DRI3_FALSE=''
DRI3_TRUE=''
DRIVER_MAN_DIR=''
DRIVER_MAN_SUFFIX=''
DRI_DRIVER_PATH=''
DRI_FALSE=''
DRI_TRUE=''
DSYMUTIL=''
DTRACE=''
DUMPBIN=''
ECHO_C=''
ECHO_N='-n'
ECHO_T=''
EGREP='/usr/bin/grep -E'
ENABLE_DEVEL_DOCS_FALSE=''
ENABLE_DEVEL_DOCS_TRUE=''
ENABLE_DOCS_FALSE=''
ENABLE_DOCS_TRUE=''
ENABLE_UNIT_TESTS_FALSE=''
ENABLE_UNIT_TESTS_TRUE=''
EXEEXT=''
FBDEVHW_FALSE=''
FBDEVHW_TRUE=''
FGREP=''
FILE_MAN_DIR=''
FILE_MAN_SUFFIX=''
FONT100DPIDIR=''
FONT75DPIDIR=''
FONTMISCDIR=''
FONTOTFDIR=''
FONTROOTDIR=''
FONTTTFDIR=''
FONTTYPE1DIR=''
FOP=''
FREEBSD_KLDLOAD_FALSE=''
FREEBSD_KLDLOAD_TRUE=''
GBM_CFLAGS=''
GBM_LIBS=''
GLAMOR_CFLAGS='"-I/home/via/prog/github/imported/third/libepoxy-1.5.9/include"'
GLAMOR_EGL_FALSE=''
GLAMOR_EGL_TRUE=''
GLAMOR_FALSE=''
GLAMOR_LIBS='"-L/home/via/prog/github/imported/third/libepoxy-1.5.9/lib/x86_64-linux-gnu -lepoxy"'
GLAMOR_TRUE=''
GLX_ARCH_DEFINES=''
GLX_DEFINES=''
GLX_FALSE=''
GLX_SYS_LIBS=''
GLX_TRUE=''
GL_CFLAGS='"-I/home/via/prog/github/imported/third/mesa-20.3.0/include -I/home/via/prog/github/imported/third/mesa-20.3.0/include/GL "'
GL_LIBS='"-L/home/via/prog/github/imported/third/mesa-20.3.0/lib//lib/x86_64-linux-gnu -lGL "'
GREP='/usr/bin/grep'
HAL_CFLAGS=''
HAL_LIBS=''
HASHTABLE_FALSE=''
HASHTABLE_TRUE=''
HAVE_DBUS_FALSE=''
HAVE_DBUS_TRUE=''
HAVE_DOT=''
HAVE_DOT_FALSE=''
HAVE_DOT_TRUE=''
HAVE_DOXYGEN_FALSE=''
HAVE_DOXYGEN_TRUE=''
HAVE_FOP_FALSE=''
HAVE_FOP_TRUE=''
HAVE_LD_WRAP_FALSE=''
HAVE_LD_WRAP_TRUE=''
HAVE_LIBUNWIND_FALSE=''
HAVE_LIBUNWIND_TRUE=''
HAVE_STYLESHEETS_FALSE=''
HAVE_STYLESHEETS_TRUE=''
HAVE_SYSTEMD_DAEMON_FALSE=''
HAVE_SYSTEMD_DAEMON_TRUE=''
HAVE_XMLTO_FALSE=''
HAVE_XMLTO_TEXT_FALSE=''
HAVE_XMLTO_TEXT_TRUE=''
HAVE_XMLTO_TRUE=''
HAVE_XSLTPROC_FALSE=''
HAVE_XSLTPROC_TRUE=''
I386_VIDEO_FALSE=''
I386_VIDEO_TRUE=''
INSTALL_CMD=''
INSTALL_DATA='${INSTALL} -m 644'
INSTALL_PROGRAM='${INSTALL}'
INSTALL_SCRIPT='${INSTALL}'
INSTALL_SETUID_FALSE=''
INSTALL_SETUID_TRUE=''
INSTALL_STRIP_PROGRAM='$(install_sh) -c -s'
INT10MODULE_FALSE=''
INT10MODULE_TRUE=''
INT10_STUB_FALSE=''
INT10_STUB_TRUE=''
INT10_VM86_FALSE=''
INT10_VM86_TRUE=''
INT10_X86EMU_FALSE=''
INT10_X86EMU_TRUE=''
KDRIVE_CFLAGS=''
KDRIVE_FALSE=''
KDRIVE_INCS=''
KDRIVE_LIBS=''
KDRIVE_LOCAL_LIBS=''
KDRIVE_MAIN_LIB=''
KDRIVE_PURE_INCS=''
KDRIVE_PURE_LIBS=''
KDRIVE_TRUE=''
KHRONOS_OPENGL_REGISTRY_CFLAGS=''
KHRONOS_OPENGL_REGISTRY_LIBS=''
KHRONOS_SPEC_DIR=''
LD=''
LDFLAGS=''
LD_EXPORT_SYMBOLS_FLAG=''
LD_NO_UNDEFINED_FLAG=''
LEX=''
LEXLIB=''
LEX_OUTPUT_ROOT=''
LIBDRM_CFLAGS='"-I/home/via/prog/github/imported/third/libdrm-2.4.107/include -I/home/via/prog/github/imported/third/libdrm-2.4.107/include/libdrm -I/home/via/prog/github/imported/third/libdrm-2.4.107/include/libkms "'
LIBDRM_LIBS='"-L/home/via/prog/github/imported/third/libdrm-2.4.107/lib/x86_64-linux-gnu -ldrm -lkms "'
LIBOBJS=''
LIBS=''
LIBSHA1_CFLAGS=''
LIBSHA1_LIBS=''
LIBTOOL=''
LIBUNWIND_CFLAGS=''
LIBUNWIND_LIBS=''
LIB_MAN_DIR=''
LIB_MAN_SUFFIX=''
LIPO=''
LNXACPI_FALSE=''
LNXACPI_TRUE=''
LNXAPM_FALSE=''
LNXAPM_TRUE=''
LN_S=''
LTLIBOBJS=''
LT_SYS_LIBRARY_PATH=''
MAIN_LIB=''
MAKEINFO='${SHELL} /home/via/prog/github/imported/xorg-server/missing makeinfo'
MANIFEST_TOOL=''
MAN_SUBSTS=''
MISC_MAN_DIR=''
MISC_MAN_SUFFIX=''
MITSHM_FALSE=''
MITSHM_TRUE=''
MKDIR_P='/usr/bin/mkdir -p'
NEED_DBUS_FALSE=''
NEED_DBUS_TRUE=''
NM=''
NMEDIT=''
NO_UNDEFINED_FALSE=''
NO_UNDEFINED_TRUE=''
OBJC=''
OBJCCLD=''
OBJCDEPMODE=''
OBJCFLAGS=''
OBJCLINK=''
OBJDUMP=''
OBJEXT='o'
OPENSSL_CFLAGS=''
OPENSSL_LIBS=''
OS_LIB=''
OTOOL64=''
OTOOL=''
PACKAGE='xorg-server'
PACKAGE_BUGREPORT='https://gitlab.freedesktop.org/xorg/xserver/issues'
PACKAGE_NAME='xorg-server'
PACKAGE_STRING='xorg-server 1.20.10'
PACKAGE_TARNAME='xorg-server'
PACKAGE_URL=''
PACKAGE_VERSION='1.20.10'
PATH_SEPARATOR=':'
PCIACCESS_CFLAGS='"-I/home/via/prog/github/imported/third/libpciaccess-0.16/include"'
PCIACCESS_LIBS='"-L/home/via/prog/github/imported/third/libpciaccess-0.16/lib -lpciaccess "'
PCI_TXT_IDS_PATH=''
PIXMAN_CFLAGS='{PIXMAN_CFLAG}'
PIXMAN_LIBS='-L/home/via/prog/github/imported/third/pixman-0.40.0/lib -lpixman-1 '
PKG_CONFIG='/usr/bin/pkg-config'
PKG_CONFIG_LIBDIR=''
PKG_CONFIG_PATH=''
POLL_FALSE=''
POLL_TRUE=''
PPC_VIDEO_FALSE=''
PPC_VIDEO_TRUE=''
PRESENT_FALSE=''
PRESENT_TRUE=''
PROJECTROOT=''
PSEUDORAMIX_FALSE=''
PSEUDORAMIX_TRUE=''
PTHREAD_CC=''
PTHREAD_CFLAGS=''
PTHREAD_LIBS=''
PYTHON3=''
RANLIB=''
RAWCPP=''
RAWCPPFLAGS=''
RECORD_FALSE=''
RECORD_TRUE=''
RELEASE_DATE='2020-12-01'
RES_FALSE=''
RES_TRUE=''
SCANNER_ARG=''
SCREENSAVER_FALSE=''
SCREENSAVER_TRUE=''
SDK_REQUIRED_MODULES=''
SECURE_RPC_FALSE=''
SECURE_RPC_TRUE=''
SED=''
SELINUX_CFLAGS=''
SELINUX_LIBS=''
SERVER_MISC_CONFIG_PATH=''
SET_MAKE=''
SHA1_CFLAGS=''
SHA1_LIBS=''
SHELL='/bin/bash'
SOLARIS_INOUT_ARCH=''
SOLARIS_VT_FALSE=''
SOLARIS_VT_TRUE=''
SPARC64_VIDEO_FALSE=''
SPARC64_VIDEO_TRUE=''
SPECIAL_DTRACE_OBJECTS_FALSE=''
SPECIAL_DTRACE_OBJECTS_TRUE=''
STANDALONE_XPBPROXY_FALSE=''
STANDALONE_XPBPROXY_TRUE=''
STRICT_CFLAGS=''
STRIP=''
STYLESHEET_SRCDIR=''
SUID_WRAPPER_DIR=''
SUID_WRAPPER_FALSE=''
SUID_WRAPPER_TRUE=''
SYSCONFDIR=''
SYSTEMD_DAEMON_CFLAGS=''
SYSTEMD_DAEMON_LIBS=''
SYSTEMD_LOGIND_FALSE=''
SYSTEMD_LOGIND_TRUE=''
TRADITIONALCPPFLAGS=''
UDEV_CFLAGS=''
UDEV_LIBS=''
UTILS_SYS_LIBS=''
VBE_FALSE=''
VBE_TRUE=''
VENDOR_NAME_SHORT=''
VERSION='1.20.10'
VGAHW_FALSE=''
VGAHW_TRUE=''
WAYLAND_EGLSTREAM_CFLAGS=''
WAYLAND_EGLSTREAM_DATADIR=''
WAYLAND_EGLSTREAM_LIBS=''
WAYLAND_PROTOCOLS_DATADIR=''
WAYLAND_SCANNER=''
WAYLAND_SCANNER_CFLAGS=''
WAYLAND_SCANNER_LIBS=''
WINDOWSDRI_CFLAGS=''
WINDOWSDRI_LIBS=''
WINDOWSWM_CFLAGS=''
WINDOWSWM_LIBS=''
WINDRES=''
X11EXAMPLES_DEP_CFLAGS=''
X11EXAMPLES_DEP_LIBS=''
XACE_FALSE=''
XACE_TRUE=''
XCONFIGDIR=''
XCONFIGFILE=''
XCSECURITY_FALSE=''
XCSECURITY_TRUE=''
XDMAUTH_FALSE=''
XDMAUTH_TRUE=''
XDMCP_CFLAGS='-I/home/via/prog/github/imported/third/libXdmcp-1.1.3/include '
XDMCP_FALSE=''
XDMCP_LIBS='-L/home/via/prog/github/imported/third/libXdmcp-1.1.3/lib -lXdmcp '
XDMCP_TRUE=''
XDMXCONFIG_DEP_CFLAGS=''
XDMXCONFIG_DEP_LIBS=''
XDMX_CFLAGS=''
XDMX_LIBS=''
XDMX_SYS_LIBS=''
XEPHYR_CFLAGS=''
XEPHYR_FALSE=''
XEPHYR_INCS=''
XEPHYR_LIBS=''
XEPHYR_TRUE=''
XF86BIGFONT_FALSE=''
XF86BIGFONT_TRUE=''
XF86CONFIGDIR=''
XF86CONFIGFILE=''
XF86UTILS_FALSE=''
XF86UTILS_TRUE=''
XF86VIDMODE_FALSE=''
XF86VIDMODE_TRUE=''
XINERAMA_FALSE=''
XINERAMA_TRUE=''
XKB_BASE_DIRECTORY=''
XKB_BIN_DIRECTORY=''
XKB_COMPILED_DIR=''
XKB_DFLT_LAYOUT=''
XKB_DFLT_MODEL=''
XKB_DFLT_OPTIONS=''
XKB_DFLT_RULES=''
XKB_DFLT_VARIANT=''
XKM_OUTPUT_DIR=''
XLIB_CFLAGS=''
XLIB_LIBS=''
XMLTO=''
XNESTMODULES_CFLAGS=''
XNESTMODULES_LIBS=''
XNEST_FALSE=''
XNEST_LIBS=''
XNEST_SYS_LIBS=''
XNEST_TRUE=''
XORG_BUS_BSDPCI_FALSE=''
XORG_BUS_BSDPCI_TRUE=''
XORG_BUS_PCI_FALSE=''
XORG_BUS_PCI_TRUE=''
XORG_BUS_PLATFORM_FALSE=''
XORG_BUS_PLATFORM_TRUE=''
XORG_BUS_SPARC_FALSE=''
XORG_BUS_SPARC_TRUE=''
XORG_CFLAGS=''
XORG_DRIVER_LIBS=''
XORG_DRIVER_MODESETTING_FALSE=''
XORG_DRIVER_MODESETTING_TRUE=''
XORG_FALSE=''
XORG_INCS=''
XORG_LIBS=''
XORG_MALLOC_DEBUG_ENV=''
XORG_MAN_PAGE=''
XORG_MODULES_CFLAGS=''
XORG_MODULES_LIBS=''
XORG_OS_SUBDIR=''
XORG_SGML_PATH=''
XORG_SYS_LIBS=''
XORG_TRUE=''
XPBPROXY_CFLAGS=''
XPBPROXY_LIBS=''
XQUARTZ_FALSE=''
XQUARTZ_LIBS=''
XQUARTZ_SPARKLE=''
XQUARTZ_SPARKLE_FALSE=''
XQUARTZ_SPARKLE_FEED_URL=''
XQUARTZ_SPARKLE_TRUE=''
XQUARTZ_TRUE=''
XRESEXAMPLES_DEP_CFLAGS=''
XRESEXAMPLES_DEP_LIBS=''
XSELINUX_FALSE=''
XSELINUX_TRUE=''
XSERVERCFLAGS_CFLAGS='"-I/home/via/prog/github/imported/third/pixman-0.40.0/include/pixman-1 -I/home/via/prog/github/imported/third/libxkbfile-1.1.0/include -I/home/via/prog/github/imported/third/libdrm-2.4.107/include -I/home/via/prog/github/imported/third/libdrm-2.4.107/include/libdrm -I/home/via/prog/github/imported/third/libdrm-2.4.107/include/libkms -I/home/via/prog/github/imported/third/libXfont2-2.0.3/include -I/home/via/prog/github/imported/third/xorgproto-2020.1/include -I/home/via/prog/github/imported/third/xorgproto-2020.1/include/GL -I/home/via/prog/github/imported/third/xorgproto-2020.1/include/X11 -I/home/via/prog/github/imported/third/xorgproto-2020.1/include/X11/dri -I/home/via/prog/github/imported/third/libXAU-1.14/include -I/home/via/prog/github/imported/third/libxshmfence-1.3/include -I/home/via/prog/github/imported/third/libXdmcp-1.1.3/include -I/home/via/prog/github/imported/third/libfontenc-1.1.4/include "'
XSERVERCFLAGS_LIBS='"-L/home/via/prog/github/imported/third/pixman-0.40.0/lib -lpixman-1 -L/home/via/prog/github/imported/third/libxkbfile-1.1.0/lib -lxkbfile -L/home/via/prog/github/imported/third/libdrm-2.4.107/lib/x86_64-linux-gnu -ldrm -lkms -L/home/via/prog/github/imported/third/libXfont2-2.0.3/lib -lXfont2 -L/home/via/prog/github/imported/third/libXAU-1.14/lib -lXau -L/home/via/prog/github/imported/third/libxshmfence-1.3/lib -lxshmfence -L/home/via/prog/github/imported/third/libXdmcp-1.1.3/lib -lXdmcp -L/home/via/prog/github/imported/third/libfontenc-1.1.4/lib -lfontenc "'
XSERVERLIBS_CFLAGS='"-I/home/via/prog/github/imported/third/pixman-0.40.0/include/pixman-1 -I/home/via/prog/github/imported/third/libxkbfile-1.1.0/include -I/home/via/prog/github/imported/third/libXfont2-2.0.3/include -I/home/via/prog/github/imported/third/xorgproto-2020.1/include -I/home/via/prog/github/imported/third/xorgproto-2020.1/include/GL -I/home/via/prog/github/imported/third/xorgproto-2020.1/include/X11 -I/home/via/prog/github/imported/third/xorgproto-2020.1/include/X11/dri -I/home/via/prog/github/imported/third/libXAU-1.14/include -I/home/via/prog/github/imported/third/libxshmfence-1.3/include -I/home/via/prog/github/imported/third/libXdmcp-1.1.3/include -I/home/via/prog/github/imported/third/libfontenc-1.1.4/include "'
XSERVERLIBS_LIBS='"-L/home/via/prog/github/imported/third/pixman-0.40.0/lib -lpixman-1 -L/home/via/prog/github/imported/third/libxkbfile-1.1.0/lib -lxkbfile -L/home/via/prog/github/imported/third/libXfont2-2.0.3/lib -lXfont2 -L/home/via/prog/github/imported/third/libXAU-1.14/lib -lXau -L/home/via/prog/github/imported/third/libxshmfence-1.3/lib -lxshmfence -L/home/via/prog/github/imported/third/libXdmcp-1.1.3/lib -lXdmcp -L/home/via/prog/github/imported/third/libfontenc-1.1.4/lib -lfontenc "'
XSERVER_DTRACE_FALSE=''
XSERVER_DTRACE_TRUE=''
XSERVER_LIBS=''
XSERVER_SYS_LIBS=''
XSHMFENCE_CFLAGS='-I/home/via/prog/github/imported/third/libxshmfence-1.3/include '
XSHMFENCE_FALSE=''
XSHMFENCE_LIBS='-L/home/via/prog/github/imported/third/libxshmfence-1.3/lib -lxshmfence '
XSHMFENCE_TRUE=''
XSLTPROC=''
XSL_STYLESHEET=''
XTSTEXAMPLES_DEP_CFLAGS=''
XTSTEXAMPLES_DEP_LIBS=''
XVFB_FALSE=''
XVFB_LIBS=''
XVFB_SYS_LIBS=''
XVFB_TRUE=''
XVMC_FALSE=''
XVMC_TRUE=''
XV_FALSE=''
XV_TRUE=''
XWAYLANDMODULES_CFLAGS=''
XWAYLANDMODULES_LIBS=''
XWAYLAND_EGLSTREAM_FALSE=''
XWAYLAND_EGLSTREAM_TRUE=''
XWAYLAND_FALSE=''
XWAYLAND_LIBS=''
XWAYLAND_SYS_LIBS=''
XWAYLAND_TRUE=''
XWINMODULES_CFLAGS=''
XWINMODULES_LIBS=''
XWIN_FALSE=''
XWIN_GLX_WINDOWS_FALSE=''
XWIN_GLX_WINDOWS_TRUE=''
XWIN_LIBS=''
XWIN_MULTIWINDOWEXTWM_FALSE=''
XWIN_MULTIWINDOWEXTWM_TRUE=''
XWIN_SERVER_NAME=''
XWIN_SYS_LIBS=''
XWIN_TRUE=''
XWIN_WINDOWS_DRI_FALSE=''
XWIN_WINDOWS_DRI_TRUE=''
YACC=''
YFLAGS=''
abi_ansic=''
abi_extension=''
abi_videodrv=''
abi_xinput=''
ac_ct_AR=''
ac_ct_CC='gcc'
ac_ct_DUMPBIN=''
am__EXEEXT_FALSE=''
am__EXEEXT_TRUE=''
am__fastdepCCAS_FALSE=''
am__fastdepCCAS_TRUE=''
am__fastdepCC_FALSE=''
am__fastdepCC_TRUE='#'
am__fastdepOBJC_FALSE=''
am__fastdepOBJC_TRUE=''
am__include='include'
am__isrc=''
am__leading_dot='.'
am__nodep=''
am__quote=''
am__tar='$${TAR-tar} chof - "$$tardir"'
am__untar='$${TAR-tar} xf -'
ax_pthread_config=''
bindir='${exec_prefix}/bin'
build='xcb-damage'
build_alias='xcb-damage'
build_cpu=''
build_os=''
build_vendor=''
datadir='${datarootdir}'
datarootdir='${prefix}/share'
docdir='${datarootdir}/doc/${PACKAGE_TARNAME}'
driverdir=''
dvidir='${docdir}'
exec_prefix='NONE'
extdir=''
host='xcb-damage'
host_alias='xcb-damage'
host_cpu=''
host_os=''
host_vendor=''
htmldir='${docdir}'
includedir='${prefix}/include'
infodir='${datarootdir}/info'
install_sh='${SHELL} /home/via/prog/github/imported/xorg-server/install-sh'
libdir='${exec_prefix}/lib'
libexecdir='${exec_prefix}/libexec'
localedir='${datarootdir}/locale'
localstatedir='${prefix}/var'
logdir=''
mandir='${datarootdir}/man'
mkdir_p='$(MKDIR_P)'
moduledir=''
oldincludedir='/usr/include'
pdfdir='${docdir}'
prefix='NONE'
program_transform_name='s,x,x,'
psdir='${docdir}'
runstatedir='${localstatedir}/run'
sbindir='${exec_prefix}/sbin'
sdkdir=''
sharedstatedir='${prefix}/com'
symbol_visibility=''
sysconfdir='${prefix}/etc'
sysconfigdir=''
target_alias='xcb-damage'

## ----------- ##
## confdefs.h. ##
## ----------- ##

/* confdefs.h */
#define PACKAGE_NAME "xorg-server"
#define PACKAGE_TARNAME "xorg-server"
#define PACKAGE_VERSION "1.20.10"
#define PACKAGE_STRING "xorg-server 1.20.10"
#define PACKAGE_BUGREPORT "https://gitlab.freedesktop.org/xorg/xserver/issues"
#define PACKAGE_URL ""
#define PACKAGE "xorg-server"
#define VERSION "1.20.10"
#define STDC_HEADERS 1
#define HAVE_SYS_TYPES_H 1
#define HAVE_SYS_STAT_H 1
#define HAVE_STDLIB_H 1
#define HAVE_STRING_H 1
#define HAVE_MEMORY_H 1
#define HAVE_STRINGS_H 1
#define HAVE_INTTYPES_H 1
#define HAVE_STDINT_H 1
#define HAVE_UNISTD_H 1
#define __EXTENSIONS__ 1
#define _ALL_SOURCE 1
#define _GNU_SOURCE 1
#define _POSIX_PTHREAD_SEMANTICS 1
#define _TANDEM_SOURCE 1

configure: exit 1
