This file contains any messages produced by compilers while
running configure, to aid debugging if configure makes a mistake.

It was created by libpciaccess configure 0.16, which was
generated by GNU Autoconf 2.69.  Invocation command line was

  $ ./configure --prefix=/home/via/prog/github/cmake_learn/cpack-demo/build/install

## --------- ##
## Platform. ##
## --------- ##

hostname = via-VirtualBox
uname -m = x86_64
uname -r = 5.11.0-38-generic
uname -s = Linux
uname -v = #42~20.04.1-Ubuntu SMP Tue Sep 28 20:41:07 UTC 2021

/usr/bin/uname -p = x86_64
/bin/uname -X     = unknown

/bin/arch              = x86_64
/usr/bin/arch -k       = unknown
/usr/convex/getsysinfo = unknown
/usr/bin/hostinfo      = unknown
/bin/machine           = unknown
/usr/bin/oslevel       = unknown
/bin/universe          = unknown

PATH: /usr/local/sbin
PATH: /usr/local/bin
PATH: /usr/sbin
PATH: /usr/bin
PATH: /sbin
PATH: /bin
PATH: /usr/games
PATH: /usr/local/games
PATH: /snap/bin


## ----------- ##
## Core tests. ##
## ----------- ##

configure:2382: checking for a BSD-compatible install
configure:2450: result: /usr/bin/install -c
configure:2461: checking whether build environment is sane
configure:2516: result: yes
configure:2665: checking for a thread-safe mkdir -p
configure:2704: result: /usr/bin/mkdir -p
configure:2711: checking for gawk
configure:2741: result: no
configure:2711: checking for mawk
configure:2727: found /usr/bin/mawk
configure:2738: result: mawk
configure:2749: checking whether make sets $(MAKE)
configure:2771: result: yes
configure:2800: checking whether make supports nested variables
configure:2817: result: yes
configure:2947: checking whether make supports the include directive
configure:2962: make -f confmf.GNU && cat confinc.out
make[3]: Entering directory '/home/via/prog/github/imported/pciaccess'
make[3]: Leaving directory '/home/via/prog/github/imported/pciaccess'
this is the am__doit target
configure:2965: $? = 0
configure:2984: result: yes (GNU style)
configure:3054: checking for gcc
configure:3070: found /usr/bin/gcc
configure:3081: result: gcc
configure:3310: checking for C compiler version
configure:3319: gcc --version >&5
gcc (Ubuntu 9.3.0-17ubuntu1~20.04) 9.3.0
Copyright (C) 2019 Free Software Foundation, Inc.
This is free software; see the source for copying conditions.  There is NO
warranty; not even for MERCHANTABILITY or FITNESS FOR A PARTICULAR PURPOSE.

configure:3330: $? = 0
configure:3319: gcc -v >&5
Using built-in specs.
COLLECT_GCC=gcc
COLLECT_LTO_WRAPPER=/usr/lib/gcc/x86_64-linux-gnu/9/lto-wrapper
OFFLOAD_TARGET_NAMES=nvptx-none:hsa
OFFLOAD_TARGET_DEFAULT=1
Target: x86_64-linux-gnu
Configured with: ../src/configure -v --with-pkgversion='Ubuntu 9.3.0-17ubuntu1~20.04' --with-bugurl=file:///usr/share/doc/gcc-9/README.Bugs --enable-languages=c,ada,c++,go,brig,d,fortran,objc,obj-c++,gm2 --prefix=/usr --with-gcc-major-version-only --program-suffix=-9 --program-prefix=x86_64-linux-gnu- --enable-shared --enable-linker-build-id --libexecdir=/usr/lib --without-included-gettext --enable-threads=posix --libdir=/usr/lib --enable-nls --enable-clocale=gnu --enable-libstdcxx-debug --enable-libstdcxx-time=yes --with-default-libstdcxx-abi=new --enable-gnu-unique-object --disable-vtable-verify --enable-plugin --enable-default-pie --with-system-zlib --with-target-system-zlib=auto --enable-objc-gc=auto --enable-multiarch --disable-werror --with-arch-32=i686 --with-abi=m64 --with-multilib-list=m32,m64,mx32 --enable-multilib --with-tune=generic --enable-offload-targets=nvptx-none=/build/gcc-9-HskZEa/gcc-9-9.3.0/debian/tmp-nvptx/usr,hsa --without-cuda-driver --enable-checking=release --build=x86_64-linux-gnu --host=x86_64-linux-gnu --target=x86_64-linux-gnu
Thread model: posix
gcc version 9.3.0 (Ubuntu 9.3.0-17ubuntu1~20.04) 
configure:3330: $? = 0
configure:3319: gcc -V >&5
gcc: error: unrecognized command line option '-V'
gcc: fatal error: no input files
compilation terminated.
configure:3330: $? = 1
configure:3319: gcc -qversion >&5
gcc: error: unrecognized command line option '-qversion'; did you mean '--version'?
gcc: fatal error: no input files
compilation terminated.
configure:3330: $? = 1
configure:3350: checking whether the C compiler works
configure:3372: gcc    conftest.c  >&5
configure:3376: $? = 0
configure:3424: result: yes
configure:3427: checking for C compiler default output file name
configure:3429: result: a.out
configure:3435: checking for suffix of executables
configure:3442: gcc -o conftest    conftest.c  >&5
configure:3446: $? = 0
configure:3468: result: 
configure:3490: checking whether we are cross compiling
configure:3498: gcc -o conftest    conftest.c  >&5
configure:3502: $? = 0
configure:3509: ./conftest
configure:3513: $? = 0
configure:3501: result: no
configure:3506: checking for suffix of object files
configure:3528: gcc -c   conftest.c >&5
configure:3532: $? = 0
configure:3553: result: o
configure:3557: checking whether we are using the GNU C compiler
configure:3576: gcc -c   conftest.c >&5
configure:3576: $? = 0
configure:3585: result: yes
configure:3594: checking whether gcc accepts -g
configure:3614: gcc -c -g  conftest.c >&5
configure:3614: $? = 0
configure:3655: result: yes
configure:3672: checking for gcc option to accept ISO C89
configure:3735: gcc  -c -g -O2  conftest.c >&5
configure:3735: $? = 0
configure:3748: result: none needed
configure:3773: checking whether gcc understands -c and -o together
configure:3795: gcc -c conftest.c -o conftest2.o
configure:3798: $? = 0
configure:3795: gcc -c conftest.c -o conftest2.o
configure:3798: $? = 0
configure:3810: result: yes
configure:3829: checking dependency style of gcc
configure:3940: result: gcc3
configure:3961: checking how to run the C preprocessor
configure:3992: gcc -E  conftest.c
configure:3992: $? = 0
configure:4006: gcc -E  conftest.c
conftest.c:11:10: fatal error: ac_nonexistent.h: No such file or directory
   11 | #include <ac_nonexistent.h>
      |          ^~~~~~~~~~~~~~~~~~
compilation terminated.
configure:4006: $? = 1
configure: failed program was:
| /* confdefs.h */
| #define PACKAGE_NAME "libpciaccess"
| #define PACKAGE_TARNAME "libpciaccess"
| #define PACKAGE_VERSION "0.16"
| #define PACKAGE_STRING "libpciaccess 0.16"
| #define PACKAGE_BUGREPORT "https://gitlab.freedesktop.org/xorg/lib/libpciaccess/issues"
| #define PACKAGE_URL ""
| #define PACKAGE "libpciaccess"
| #define VERSION "0.16"
| /* end confdefs.h.  */
| #include <ac_nonexistent.h>
configure:4031: result: gcc -E
configure:4051: gcc -E  conftest.c
configure:4051: $? = 0
configure:4065: gcc -E  conftest.c
conftest.c:11:10: fatal error: ac_nonexistent.h: No such file or directory
   11 | #include <ac_nonexistent.h>
      |          ^~~~~~~~~~~~~~~~~~
compilation terminated.
configure:4065: $? = 1
configure: failed program was:
| /* confdefs.h */
| #define PACKAGE_NAME "libpciaccess"
| #define PACKAGE_TARNAME "libpciaccess"
| #define PACKAGE_VERSION "0.16"
| #define PACKAGE_STRING "libpciaccess 0.16"
| #define PACKAGE_BUGREPORT "https://gitlab.freedesktop.org/xorg/lib/libpciaccess/issues"
| #define PACKAGE_URL ""
| #define PACKAGE "libpciaccess"
| #define VERSION "0.16"
| /* end confdefs.h.  */
| #include <ac_nonexistent.h>
configure:4094: checking for grep that handles long lines and -e
configure:4152: result: /usr/bin/grep
configure:4157: checking for egrep
configure:4219: result: /usr/bin/grep -E
configure:4224: checking for ANSI C header files
configure:4244: gcc -c -g -O2  conftest.c >&5
configure:4244: $? = 0
configure:4317: gcc -o conftest -g -O2   conftest.c  >&5
configure:4317: $? = 0
configure:4317: ./conftest
configure:4317: $? = 0
configure:4328: result: yes
configure:4341: checking for sys/types.h
configure:4341: gcc -c -g -O2  conftest.c >&5
configure:4341: $? = 0
configure:4341: result: yes
configure:4341: checking for sys/stat.h
configure:4341: gcc -c -g -O2  conftest.c >&5
configure:4341: $? = 0
configure:4341: result: yes
configure:4341: checking for stdlib.h
configure:4341: gcc -c -g -O2  conftest.c >&5
configure:4341: $? = 0
configure:4341: result: yes
configure:4341: checking for string.h
configure:4341: gcc -c -g -O2  conftest.c >&5
configure:4341: $? = 0
configure:4341: result: yes
configure:4341: checking for memory.h
configure:4341: gcc -c -g -O2  conftest.c >&5
configure:4341: $? = 0
configure:4341: result: yes
configure:4341: checking for strings.h
configure:4341: gcc -c -g -O2  conftest.c >&5
configure:4341: $? = 0
configure:4341: result: yes
configure:4341: checking for inttypes.h
configure:4341: gcc -c -g -O2  conftest.c >&5
configure:4341: $? = 0
configure:4341: result: yes
configure:4341: checking for stdint.h
configure:4341: gcc -c -g -O2  conftest.c >&5
configure:4341: $? = 0
configure:4341: result: yes
configure:4341: checking for unistd.h
configure:4341: gcc -c -g -O2  conftest.c >&5
configure:4341: $? = 0
configure:4341: result: yes
configure:4354: checking minix/config.h usability
configure:4354: gcc -c -g -O2  conftest.c >&5
conftest.c:54:10: fatal error: minix/config.h: No such file or directory
   54 | #include <minix/config.h>
      |          ^~~~~~~~~~~~~~~~
compilation terminated.
configure:4354: $? = 1
configure: failed program was:
| /* confdefs.h */
| #define PACKAGE_NAME "libpciaccess"
| #define PACKAGE_TARNAME "libpciaccess"
| #define PACKAGE_VERSION "0.16"
| #define PACKAGE_STRING "libpciaccess 0.16"
| #define PACKAGE_BUGREPORT "https://gitlab.freedesktop.org/xorg/lib/libpciaccess/issues"
| #define PACKAGE_URL ""
| #define PACKAGE "libpciaccess"
| #define VERSION "0.16"
| #define STDC_HEADERS 1
| #define HAVE_SYS_TYPES_H 1
| #define HAVE_SYS_STAT_H 1
| #define HAVE_STDLIB_H 1
| #define HAVE_STRING_H 1
| #define HAVE_MEMORY_H 1
| #define HAVE_STRINGS_H 1
| #define HAVE_INTTYPES_H 1
| #define HAVE_STDINT_H 1
| #define HAVE_UNISTD_H 1
| /* end confdefs.h.  */
| #include <stdio.h>
| #ifdef HAVE_SYS_TYPES_H
| # include <sys/types.h>
| #endif
| #ifdef HAVE_SYS_STAT_H
| # include <sys/stat.h>
| #endif
| #ifdef STDC_HEADERS
| # include <stdlib.h>
| # include <stddef.h>
| #else
| # ifdef HAVE_STDLIB_H
| #  include <stdlib.h>
| # endif
| #endif
| #ifdef HAVE_STRING_H
| # if !defined STDC_HEADERS && defined HAVE_MEMORY_H
| #  include <memory.h>
| # endif
| # include <string.h>
| #endif
| #ifdef HAVE_STRINGS_H
| # include <strings.h>
| #endif
| #ifdef HAVE_INTTYPES_H
| # include <inttypes.h>
| #endif
| #ifdef HAVE_STDINT_H
| # include <stdint.h>
| #endif
| #ifdef HAVE_UNISTD_H
| # include <unistd.h>
| #endif
| #include <minix/config.h>
configure:4354: result: no
configure:4354: checking minix/config.h presence
configure:4354: gcc -E  conftest.c
conftest.c:21:10: fatal error: minix/config.h: No such file or directory
   21 | #include <minix/config.h>
      |          ^~~~~~~~~~~~~~~~
compilation terminated.
configure:4354: $? = 1
configure: failed program was:
| /* confdefs.h */
| #define PACKAGE_NAME "libpciaccess"
| #define PACKAGE_TARNAME "libpciaccess"
| #define PACKAGE_VERSION "0.16"
| #define PACKAGE_STRING "libpciaccess 0.16"
| #define PACKAGE_BUGREPORT "https://gitlab.freedesktop.org/xorg/lib/libpciaccess/issues"
| #define PACKAGE_URL ""
| #define PACKAGE "libpciaccess"
| #define VERSION "0.16"
| #define STDC_HEADERS 1
| #define HAVE_SYS_TYPES_H 1
| #define HAVE_SYS_STAT_H 1
| #define HAVE_STDLIB_H 1
| #define HAVE_STRING_H 1
| #define HAVE_MEMORY_H 1
| #define HAVE_STRINGS_H 1
| #define HAVE_INTTYPES_H 1
| #define HAVE_STDINT_H 1
| #define HAVE_UNISTD_H 1
| /* end confdefs.h.  */
| #include <minix/config.h>
configure:4354: result: no
configure:4354: checking for minix/config.h
configure:4354: result: no
configure:4375: checking whether it is safe to define __EXTENSIONS__
configure:4393: gcc -c -g -O2  conftest.c >&5
configure:4393: $? = 0
configure:4400: result: yes
configure:4445: checking build system type
configure:4459: result: x86_64-pc-linux-gnu
configure:4479: checking host system type
configure:4492: result: x86_64-pc-linux-gnu
configure:4533: checking how to print strings
configure:4560: result: printf
configure:4581: checking for a sed that does not truncate output
configure:4645: result: /usr/bin/sed
configure:4663: checking for fgrep
configure:4725: result: /usr/bin/grep -F
configure:4760: checking for ld used by gcc
configure:4827: result: /usr/bin/ld
configure:4834: checking if the linker (/usr/bin/ld) is GNU ld
configure:4849: result: yes
configure:4861: checking for BSD- or MS-compatible name lister (nm)
configure:4915: result: /usr/bin/nm -B
configure:5045: checking the name lister (/usr/bin/nm -B) interface
configure:5052: gcc -c -g -O2  conftest.c >&5
configure:5055: /usr/bin/nm -B "conftest.o"
configure:5058: output
0000000000000000 B some_variable
configure:5059: result: BSD nm
configure:5062: checking whether ln -s works
configure:5066: result: yes
configure:5074: checking the maximum length of command line arguments
configure:5205: result: 1572864
configure:5253: checking how to convert x86_64-pc-linux-gnu file names to x86_64-pc-linux-gnu format
configure:5293: result: func_convert_file_noop
configure:5300: checking how to convert x86_64-pc-linux-gnu file names to toolchain format
configure:5320: result: func_convert_file_noop
configure:5327: checking for /usr/bin/ld option to reload object files
configure:5334: result: -r
configure:5408: checking for objdump
configure:5424: found /usr/bin/objdump
configure:5435: result: objdump
configure:5467: checking how to recognize dependent libraries
configure:5667: result: pass_all
configure:5752: checking for dlltool
configure:5782: result: no
configure:5812: checking how to associate runtime and link libraries
configure:5839: result: printf %s\n
configure:5899: checking for ar
configure:5915: found /usr/bin/ar
configure:5926: result: ar
configure:5963: checking for archiver @FILE support
configure:5980: gcc -c -g -O2  conftest.c >&5
configure:5980: $? = 0
configure:5983: ar cru libconftest.a @conftest.lst >&5
ar: `u' modifier ignored since `D' is the default (see `U')
configure:5986: $? = 0
configure:5991: ar cru libconftest.a @conftest.lst >&5
ar: `u' modifier ignored since `D' is the default (see `U')
ar: conftest.o: No such file or directory
configure:5994: $? = 1
configure:5993: result: @
configure:6051: checking for strip
configure:6067: found /usr/bin/strip
configure:6078: result: strip
configure:6150: checking for ranlib
configure:6166: found /usr/bin/ranlib
configure:6177: result: ranlib
configure:6279: checking command to parse /usr/bin/nm -B output from gcc object
configure:6432: gcc -c -g -O2  conftest.c >&5
configure:6435: $? = 0
configure:6439: /usr/bin/nm -B conftest.o \| sed -n -e 's/^.*[ ]\([ABCDGIRSTW][ABCDGIRSTW]*\)[ ][ ]*\([_A-Za-z][_A-Za-z0-9]*\)$/\1 \2 \2/p' | sed '/ __gnu_lto/d' \> conftest.nm
configure:6442: $? = 0
configure:6508: gcc -o conftest -g -O2   conftest.c conftstm.o >&5
configure:6511: $? = 0
configure:6549: result: ok
configure:6596: checking for sysroot
configure:6626: result: no
configure:6633: checking for a working dd
configure:6671: result: /usr/bin/dd
configure:6675: checking how to truncate binary pipes
configure:6690: result: /usr/bin/dd bs=4096 count=1
configure:6826: gcc -c -g -O2  conftest.c >&5
configure:6829: $? = 0
configure:7019: checking for mt
configure:7035: found /usr/bin/mt
configure:7046: result: mt
configure:7069: checking if mt is a manifest tool
configure:7075: mt '-?'
configure:7083: result: no
configure:7757: checking for dlfcn.h
configure:7757: gcc -c -g -O2  conftest.c >&5
configure:7757: $? = 0
configure:7757: result: yes
configure:8013: checking for objdir
configure:8028: result: .libs
configure:8292: checking if gcc supports -fno-rtti -fno-exceptions
configure:8310: gcc -c -g -O2  -fno-rtti -fno-exceptions conftest.c >&5
cc1: warning: command line option '-fno-rtti' is valid for C++/D/ObjC++ but not for C
configure:8314: $? = 0
configure:8327: result: no
configure:8685: checking for gcc option to produce PIC
configure:8692: result: -fPIC -DPIC
configure:8700: checking if gcc PIC flag -fPIC -DPIC works
configure:8718: gcc -c -g -O2  -fPIC -DPIC -DPIC conftest.c >&5
configure:8722: $? = 0
configure:8735: result: yes
configure:8764: checking if gcc static flag -static works
configure:8792: result: yes
configure:8807: checking if gcc supports -c -o file.o
configure:8828: gcc -c -g -O2  -o out/conftest2.o conftest.c >&5
configure:8832: $? = 0
configure:8854: result: yes
configure:8862: checking if gcc supports -c -o file.o
configure:8909: result: yes
configure:8942: checking whether the gcc linker (/usr/bin/ld -m elf_x86_64) supports shared libraries
configure:10201: result: yes
configure:10238: checking whether -lc should be explicitly linked in
configure:10246: gcc -c -g -O2  conftest.c >&5
configure:10249: $? = 0
configure:10264: gcc -shared  -fPIC -DPIC conftest.o  -v -Wl,-soname -Wl,conftest -o conftest 2\>\&1 \| /usr/bin/grep  -lc  \>/dev/null 2\>\&1
configure:10267: $? = 0
configure:10281: result: no
configure:10441: checking dynamic linker characteristics
configure:11022: gcc -o conftest -g -O2   -Wl,-rpath -Wl,/foo conftest.c  >&5
configure:11022: $? = 0
configure:11262: result: GNU/Linux ld.so
configure:11384: checking how to hardcode library paths into programs
configure:11409: result: immediate
configure:11957: checking whether stripping libraries is possible
configure:11962: result: yes
configure:11997: checking if libtool supports shared libraries
configure:11999: result: yes
configure:12002: checking whether to build shared libraries
configure:12027: result: yes
configure:12030: checking whether to build static libraries
configure:12034: result: yes
configure:8873: checking for gcc option to accept ISO C99
configure:9022: gcc  -c -g -O2  conftest.c >&5
configure:9022: $? = 0
configure:9035: result: none needed
configure:9054: checking whether __clang__ is declared
configure:9054: gcc -c -g -O2  conftest.c >&5
conftest.c: In function 'main':
conftest.c:68:10: error: '__clang__' undeclared (first use in this function)
   68 |   (void) __clang__;
      |          ^~~~~~~~~
conftest.c:68:10: note: each undeclared identifier is reported only once for each function it appears in
configure:9054: $? = 1
configure: failed program was:
| /* confdefs.h */
| #define PACKAGE_NAME "libpciaccess"
| #define PACKAGE_TARNAME "libpciaccess"
| #define PACKAGE_VERSION "0.16"
| #define PACKAGE_STRING "libpciaccess 0.16"
| #define PACKAGE_BUGREPORT "https://gitlab.freedesktop.org/xorg/lib/libpciaccess/issues"
| #define PACKAGE_URL ""
| #define PACKAGE "libpciaccess"
| #define VERSION "0.16"
| #define STDC_HEADERS 1
| #define HAVE_SYS_TYPES_H 1
| #define HAVE_SYS_STAT_H 1
| #define HAVE_STDLIB_H 1
| #define HAVE_STRING_H 1
| #define HAVE_MEMORY_H 1
| #define HAVE_STRINGS_H 1
| #define HAVE_INTTYPES_H 1
| #define HAVE_STDINT_H 1
| #define HAVE_UNISTD_H 1
| #define __EXTENSIONS__ 1
| #define _ALL_SOURCE 1
| #define _GNU_SOURCE 1
| #define _POSIX_PTHREAD_SEMANTICS 1
| #define _TANDEM_SOURCE 1
| #define HAVE_DLFCN_H 1
| #define LT_OBJDIR ".libs/"
| /* end confdefs.h.  */
| #include <stdio.h>
| #ifdef HAVE_SYS_TYPES_H
| # include <sys/types.h>
| #endif
| #ifdef HAVE_SYS_STAT_H
| # include <sys/stat.h>
| #endif
| #ifdef STDC_HEADERS
| # include <stdlib.h>
| # include <stddef.h>
| #else
| # ifdef HAVE_STDLIB_H
| #  include <stdlib.h>
| # endif
| #endif
| #ifdef HAVE_STRING_H
| # if !defined STDC_HEADERS && defined HAVE_MEMORY_H
| #  include <memory.h>
| # endif
| # include <string.h>
| #endif
| #ifdef HAVE_STRINGS_H
| # include <strings.h>
| #endif
| #ifdef HAVE_INTTYPES_H
| # include <inttypes.h>
| #endif
| #ifdef HAVE_STDINT_H
| # include <stdint.h>
| #endif
| #ifdef HAVE_UNISTD_H
| # include <unistd.h>
| #endif
| int
| main ()
| {
| #ifndef __clang__
| #ifdef __cplusplus
|   (void) __clang__;
| #else
|   (void) __clang__;
| #endif
| #endif
| 
|   ;
|   return 0;
| }
configure:9054: result: no
configure:9061: checking whether __INTEL_COMPILER is declared
configure:9061: gcc -c -g -O2  conftest.c >&5
conftest.c: In function 'main':
conftest.c:68:10: error: '__INTEL_COMPILER' undeclared (first use in this function)
   68 |   (void) __INTEL_COMPILER;
      |          ^~~~~~~~~~~~~~~~
conftest.c:68:10: note: each undeclared identifier is reported only once for each function it appears in
configure:9061: $? = 1
configure: failed program was:
| /* confdefs.h */
| #define PACKAGE_NAME "libpciaccess"
| #define PACKAGE_TARNAME "libpciaccess"
| #define PACKAGE_VERSION "0.16"
| #define PACKAGE_STRING "libpciaccess 0.16"
| #define PACKAGE_BUGREPORT "https://gitlab.freedesktop.org/xorg/lib/libpciaccess/issues"
| #define PACKAGE_URL ""
| #define PACKAGE "libpciaccess"
| #define VERSION "0.16"
| #define STDC_HEADERS 1
| #define HAVE_SYS_TYPES_H 1
| #define HAVE_SYS_STAT_H 1
| #define HAVE_STDLIB_H 1
| #define HAVE_STRING_H 1
| #define HAVE_MEMORY_H 1
| #define HAVE_STRINGS_H 1
| #define HAVE_INTTYPES_H 1
| #define HAVE_STDINT_H 1
| #define HAVE_UNISTD_H 1
| #define __EXTENSIONS__ 1
| #define _ALL_SOURCE 1
| #define _GNU_SOURCE 1
| #define _POSIX_PTHREAD_SEMANTICS 1
| #define _TANDEM_SOURCE 1
| #define HAVE_DLFCN_H 1
| #define LT_OBJDIR ".libs/"
| /* end confdefs.h.  */
| #include <stdio.h>
| #ifdef HAVE_SYS_TYPES_H
| # include <sys/types.h>
| #endif
| #ifdef HAVE_SYS_STAT_H
| # include <sys/stat.h>
| #endif
| #ifdef STDC_HEADERS
| # include <stdlib.h>
| # include <stddef.h>
| #else
| # ifdef HAVE_STDLIB_H
| #  include <stdlib.h>
| # endif
| #endif
| #ifdef HAVE_STRING_H
| # if !defined STDC_HEADERS && defined HAVE_MEMORY_H
| #  include <memory.h>
| # endif
| # include <string.h>
| #endif
| #ifdef HAVE_STRINGS_H
| # include <strings.h>
| #endif
| #ifdef HAVE_INTTYPES_H
| # include <inttypes.h>
| #endif
| #ifdef HAVE_STDINT_H
| # include <stdint.h>
| #endif
| #ifdef HAVE_UNISTD_H
| # include <unistd.h>
| #endif
| int
| main ()
| {
| #ifndef __INTEL_COMPILER
| #ifdef __cplusplus
|   (void) __INTEL_COMPILER;
| #else
|   (void) __INTEL_COMPILER;
| #endif
| #endif
| 
|   ;
|   return 0;
| }
configure:9061: result: no
configure:9068: checking whether __SUNPRO_C is declared
configure:9068: gcc -c -g -O2  conftest.c >&5
conftest.c: In function 'main':
conftest.c:68:10: error: '__SUNPRO_C' undeclared (first use in this function)
   68 |   (void) __SUNPRO_C;
      |          ^~~~~~~~~~
conftest.c:68:10: note: each undeclared identifier is reported only once for each function it appears in
configure:9068: $? = 1
configure: failed program was:
| /* confdefs.h */
| #define PACKAGE_NAME "libpciaccess"
| #define PACKAGE_TARNAME "libpciaccess"
| #define PACKAGE_VERSION "0.16"
| #define PACKAGE_STRING "libpciaccess 0.16"
| #define PACKAGE_BUGREPORT "https://gitlab.freedesktop.org/xorg/lib/libpciaccess/issues"
| #define PACKAGE_URL ""
| #define PACKAGE "libpciaccess"
| #define VERSION "0.16"
| #define STDC_HEADERS 1
| #define HAVE_SYS_TYPES_H 1
| #define HAVE_SYS_STAT_H 1
| #define HAVE_STDLIB_H 1
| #define HAVE_STRING_H 1
| #define HAVE_MEMORY_H 1
| #define HAVE_STRINGS_H 1
| #define HAVE_INTTYPES_H 1
| #define HAVE_STDINT_H 1
| #define HAVE_UNISTD_H 1
| #define __EXTENSIONS__ 1
| #define _ALL_SOURCE 1
| #define _GNU_SOURCE 1
| #define _POSIX_PTHREAD_SEMANTICS 1
| #define _TANDEM_SOURCE 1
| #define HAVE_DLFCN_H 1
| #define LT_OBJDIR ".libs/"
| /* end confdefs.h.  */
| #include <stdio.h>
| #ifdef HAVE_SYS_TYPES_H
| # include <sys/types.h>
| #endif
| #ifdef HAVE_SYS_STAT_H
| # include <sys/stat.h>
| #endif
| #ifdef STDC_HEADERS
| # include <stdlib.h>
| # include <stddef.h>
| #else
| # ifdef HAVE_STDLIB_H
| #  include <stdlib.h>
| # endif
| #endif
| #ifdef HAVE_STRING_H
| # if !defined STDC_HEADERS && defined HAVE_MEMORY_H
| #  include <memory.h>
| # endif
| # include <string.h>
| #endif
| #ifdef HAVE_STRINGS_H
| # include <strings.h>
| #endif
| #ifdef HAVE_INTTYPES_H
| # include <inttypes.h>
| #endif
| #ifdef HAVE_STDINT_H
| # include <stdint.h>
| #endif
| #ifdef HAVE_UNISTD_H
| # include <unistd.h>
| #endif
| int
| main ()
| {
| #ifndef __SUNPRO_C
| #ifdef __cplusplus
|   (void) __SUNPRO_C;
| #else
|   (void) __SUNPRO_C;
| #endif
| #endif
| 
|   ;
|   return 0;
| }
configure:9068: result: no
configure:9130: checking for pkg-config
configure:9148: found /usr/bin/pkg-config
configure:9160: result: /usr/bin/pkg-config
configure:9185: checking pkg-config is at least version 0.9.0
configure:9188: result: yes
configure:9237: checking if gcc supports -Werror=unknown-warning-option
configure:9246: gcc -c -g -O2 -Werror=unknown-warning-option  conftest.c >&5
cc1: error: '-Werror=unknown-warning-option': no option -Wunknown-warning-option
configure:9246: $? = 1
configure: failed program was:
| /* confdefs.h */
| #define PACKAGE_NAME "libpciaccess"
| #define PACKAGE_TARNAME "libpciaccess"
| #define PACKAGE_VERSION "0.16"
| #define PACKAGE_STRING "libpciaccess 0.16"
| #define PACKAGE_BUGREPORT "https://gitlab.freedesktop.org/xorg/lib/libpciaccess/issues"
| #define PACKAGE_URL ""
| #define PACKAGE "libpciaccess"
| #define VERSION "0.16"
| #define STDC_HEADERS 1
| #define HAVE_SYS_TYPES_H 1
| #define HAVE_SYS_STAT_H 1
| #define HAVE_STDLIB_H 1
| #define HAVE_STRING_H 1
| #define HAVE_MEMORY_H 1
| #define HAVE_STRINGS_H 1
| #define HAVE_INTTYPES_H 1
| #define HAVE_STDINT_H 1
| #define HAVE_UNISTD_H 1
| #define __EXTENSIONS__ 1
| #define _ALL_SOURCE 1
| #define _GNU_SOURCE 1
| #define _POSIX_PTHREAD_SEMANTICS 1
| #define _TANDEM_SOURCE 1
| #define HAVE_DLFCN_H 1
| #define LT_OBJDIR ".libs/"
| /* end confdefs.h.  */
| int i;
configure:9253: result: no
configure:9264: checking if gcc supports -Werror=unused-command-line-argument
configure:9273: gcc -c -g -O2 -Werror=unused-command-line-argument  conftest.c >&5
cc1: error: '-Werror=unused-command-line-argument': no option -Wunused-command-line-argument
configure:9273: $? = 1
configure: failed program was:
| /* confdefs.h */
| #define PACKAGE_NAME "libpciaccess"
| #define PACKAGE_TARNAME "libpciaccess"
| #define PACKAGE_VERSION "0.16"
| #define PACKAGE_STRING "libpciaccess 0.16"
| #define PACKAGE_BUGREPORT "https://gitlab.freedesktop.org/xorg/lib/libpciaccess/issues"
| #define PACKAGE_URL ""
| #define PACKAGE "libpciaccess"
| #define VERSION "0.16"
| #define STDC_HEADERS 1
| #define HAVE_SYS_TYPES_H 1
| #define HAVE_SYS_STAT_H 1
| #define HAVE_STDLIB_H 1
| #define HAVE_STRING_H 1
| #define HAVE_MEMORY_H 1
| #define HAVE_STRINGS_H 1
| #define HAVE_INTTYPES_H 1
| #define HAVE_STDINT_H 1
| #define HAVE_UNISTD_H 1
| #define __EXTENSIONS__ 1
| #define _ALL_SOURCE 1
| #define _GNU_SOURCE 1
| #define _POSIX_PTHREAD_SEMANTICS 1
| #define _TANDEM_SOURCE 1
| #define HAVE_DLFCN_H 1
| #define LT_OBJDIR ".libs/"
| /* end confdefs.h.  */
| int i;
configure:9280: result: no
configure:9299: checking if gcc supports -Wall
configure:9316: gcc -o conftest -g -O2 -Wall   conftest.c  >&5
configure:9316: $? = 0
configure:9329: result: yes
configure:9417: checking if gcc supports -Wpointer-arith
configure:9434: gcc -o conftest -g -O2 -Wpointer-arith   conftest.c  >&5
configure:9434: $? = 0
configure:9447: result: yes
configure:9535: checking if gcc supports -Wmissing-declarations
configure:9552: gcc -o conftest -g -O2 -Wmissing-declarations   conftest.c  >&5
configure:9552: $? = 0
configure:9565: result: yes
configure:9653: checking if gcc supports -Wformat=2
configure:9670: gcc -o conftest -g -O2 -Wformat=2   conftest.c  >&5
configure:9670: $? = 0
configure:9683: result: yes
configure:9822: checking if gcc supports -Wstrict-prototypes
configure:9839: gcc -o conftest -g -O2 -Wstrict-prototypes   conftest.c  >&5
conftest.c:30:1: warning: function declaration isn't a prototype [-Wstrict-prototypes]
   30 | main ()
      | ^~~~
configure:9839: $? = 0
configure:9852: result: yes
configure:9940: checking if gcc supports -Wmissing-prototypes
configure:9957: gcc -o conftest -g -O2 -Wmissing-prototypes   conftest.c  >&5
configure:9957: $? = 0
configure:9970: result: yes
configure:10058: checking if gcc supports -Wnested-externs
configure:10075: gcc -o conftest -g -O2 -Wnested-externs   conftest.c  >&5
configure:10075: $? = 0
configure:10088: result: yes
configure:10176: checking if gcc supports -Wbad-function-cast
configure:10193: gcc -o conftest -g -O2 -Wbad-function-cast   conftest.c  >&5
configure:10193: $? = 0
configure:10206: result: yes
configure:10294: checking if gcc supports -Wold-style-definition
configure:10311: gcc -o conftest -g -O2 -Wold-style-definition   conftest.c  >&5
conftest.c: In function 'main':
conftest.c:30:1: warning: old-style function definition [-Wold-style-definition]
   30 | main ()
      | ^~~~
configure:10311: $? = 0
configure:10324: result: yes
configure:10461: checking if gcc supports -Wdeclaration-after-statement
configure:10478: gcc -o conftest -g -O2 -Wdeclaration-after-statement   conftest.c  >&5
configure:10478: $? = 0
configure:10491: result: yes
configure:10583: checking if gcc supports -Wunused
configure:10600: gcc -o conftest -g -O2 -Wunused   conftest.c  >&5
configure:10600: $? = 0
configure:10613: result: yes
configure:10701: checking if gcc supports -Wuninitialized
configure:10718: gcc -o conftest -g -O2 -Wuninitialized   conftest.c  >&5
configure:10718: $? = 0
configure:10731: result: yes
configure:10819: checking if gcc supports -Wshadow
configure:10836: gcc -o conftest -g -O2 -Wshadow   conftest.c  >&5
configure:10836: $? = 0
configure:10849: result: yes
configure:10937: checking if gcc supports -Wmissing-noreturn
configure:10954: gcc -o conftest -g -O2 -Wmissing-noreturn   conftest.c  >&5
configure:10954: $? = 0
configure:10967: result: yes
configure:11055: checking if gcc supports -Wmissing-format-attribute
configure:11072: gcc -o conftest -g -O2 -Wmissing-format-attribute   conftest.c  >&5
configure:11072: $? = 0
configure:11085: result: yes
configure:11173: checking if gcc supports -Wredundant-decls
configure:11190: gcc -o conftest -g -O2 -Wredundant-decls   conftest.c  >&5
configure:11190: $? = 0
configure:11203: result: yes
configure:11291: checking if gcc supports -Wlogical-op
configure:11308: gcc -o conftest -g -O2 -Wlogical-op   conftest.c  >&5
configure:11308: $? = 0
configure:11321: result: yes
configure:11421: checking if gcc supports -Werror=implicit
configure:11438: gcc -o conftest -g -O2 -Werror=implicit   conftest.c  >&5
configure:11438: $? = 0
configure:11451: result: yes
configure:11588: checking if gcc supports -Werror=nonnull
configure:11605: gcc -o conftest -g -O2 -Werror=nonnull   conftest.c  >&5
configure:11605: $? = 0
configure:11618: result: yes
configure:11706: checking if gcc supports -Werror=init-self
configure:11723: gcc -o conftest -g -O2 -Werror=init-self   conftest.c  >&5
configure:11723: $? = 0
configure:11736: result: yes
configure:11824: checking if gcc supports -Werror=main
configure:11841: gcc -o conftest -g -O2 -Werror=main   conftest.c  >&5
configure:11841: $? = 0
configure:11854: result: yes
configure:11942: checking if gcc supports -Werror=missing-braces
configure:11959: gcc -o conftest -g -O2 -Werror=missing-braces   conftest.c  >&5
configure:11959: $? = 0
configure:11972: result: yes
configure:12060: checking if gcc supports -Werror=sequence-point
configure:12077: gcc -o conftest -g -O2 -Werror=sequence-point   conftest.c  >&5
configure:12077: $? = 0
configure:12090: result: yes
configure:12178: checking if gcc supports -Werror=return-type
configure:12195: gcc -o conftest -g -O2 -Werror=return-type   conftest.c  >&5
configure:12195: $? = 0
configure:12208: result: yes
configure:12345: checking if gcc supports -Werror=trigraphs
configure:12362: gcc -o conftest -g -O2 -Werror=trigraphs   conftest.c  >&5
configure:12362: $? = 0
configure:12375: result: yes
configure:12463: checking if gcc supports -Werror=array-bounds
configure:12480: gcc -o conftest -g -O2 -Werror=array-bounds   conftest.c  >&5
configure:12480: $? = 0
configure:12493: result: yes
configure:12581: checking if gcc supports -Werror=write-strings
configure:12598: gcc -o conftest -g -O2 -Werror=write-strings   conftest.c  >&5
configure:12598: $? = 0
configure:12611: result: yes
configure:12699: checking if gcc supports -Werror=address
configure:12716: gcc -o conftest -g -O2 -Werror=address   conftest.c  >&5
configure:12716: $? = 0
configure:12729: result: yes
configure:12817: checking if gcc supports -Werror=int-to-pointer-cast
configure:12834: gcc -o conftest -g -O2 -Werror=int-to-pointer-cast   conftest.c  >&5
configure:12834: $? = 0
configure:12847: result: yes
configure:12984: checking if gcc supports -Werror=pointer-to-int-cast
configure:13001: gcc -o conftest -g -O2 -Werror=pointer-to-int-cast   conftest.c  >&5
configure:13001: $? = 0
configure:13014: result: yes
configure:14672: checking if gcc supports -pedantic
configure:14689: gcc -o conftest -g -O2 -pedantic   conftest.c  >&5
configure:14689: $? = 0
configure:14702: result: yes
configure:14790: checking if gcc supports -Werror
configure:14807: gcc -o conftest -g -O2 -Werror   conftest.c  >&5
configure:14807: $? = 0
configure:14820: result: yes
configure:14960: checking if gcc supports -Werror=attributes
configure:14977: gcc -o conftest -g -O2 -Werror=attributes   conftest.c  >&5
configure:14977: $? = 0
configure:14990: result: yes
configure:15182: checking whether make supports nested variables
configure:15199: result: yes
configure:15415: checking for special C compiler options needed for large files
configure:15460: result: no
configure:15466: checking for _FILE_OFFSET_BITS value needed for large files
configure:15491: gcc -c -g -O2  conftest.c >&5
configure:15491: $? = 0
configure:15523: result: no
configure:15611: checking err.h usability
configure:15611: gcc -c -g -O2  conftest.c >&5
configure:15611: $? = 0
configure:15611: result: yes
configure:15611: checking err.h presence
configure:15611: gcc -E  conftest.c
configure:15611: $? = 0
configure:15611: result: yes
configure:15611: checking for err.h
configure:15611: result: yes
configure:15655: checking asm/mtrr.h usability
configure:15655: gcc -c -g -O2  conftest.c >&5
configure:15655: $? = 0
configure:15655: result: yes
configure:15655: checking asm/mtrr.h presence
configure:15655: gcc -E  conftest.c
configure:15655: $? = 0
configure:15655: result: yes
configure:15655: checking for asm/mtrr.h
configure:15655: result: yes
configure:15777: checking that generated files are newer than configure
configure:15783: result: done
configure:15834: creating ./config.status

## ---------------------- ##
## Running config.status. ##
## ---------------------- ##

This file was extended by libpciaccess config.status 0.16, which was
generated by GNU Autoconf 2.69.  Invocation command line was

  CONFIG_FILES    = 
  CONFIG_HEADERS  = 
  CONFIG_LINKS    = 
  CONFIG_COMMANDS = 
  $ ./config.status 

on via-VirtualBox

config.status:1148: creating Makefile
config.status:1148: creating include/Makefile
config.status:1148: creating man/Makefile
config.status:1148: creating src/Makefile
config.status:1148: creating scanpci/Makefile
config.status:1148: creating pciaccess.pc
config.status:1148: creating config.h
config.status:1329: config.h is unchanged
config.status:1377: executing depfiles commands
config.status:1454: cd src       && sed -e '/# am--include-marker/d' Makefile         | make -f - am--depfiles
make[3]: Entering directory '/home/via/prog/github/imported/pciaccess/src'
make[3]: Nothing to be done for 'am--depfiles'.
make[3]: Leaving directory '/home/via/prog/github/imported/pciaccess/src'
config.status:1459: $? = 0
config.status:1454: cd scanpci       && sed -e '/# am--include-marker/d' Makefile         | make -f - am--depfiles
make[3]: Entering directory '/home/via/prog/github/imported/pciaccess/scanpci'
make[3]: Nothing to be done for 'am--depfiles'.
make[3]: Leaving directory '/home/via/prog/github/imported/pciaccess/scanpci'
config.status:1459: $? = 0
config.status:1377: executing libtool commands

## ---------------- ##
## Cache variables. ##
## ---------------- ##

ac_cv_build=x86_64-pc-linux-gnu
ac_cv_c_compiler_gnu=yes
ac_cv_env_CC_set=
ac_cv_env_CC_value=
ac_cv_env_CFLAGS_set=
ac_cv_env_CFLAGS_value=
ac_cv_env_CPPFLAGS_set=
ac_cv_env_CPPFLAGS_value=
ac_cv_env_CPP_set=
ac_cv_env_CPP_value=
ac_cv_env_LDFLAGS_set=
ac_cv_env_LDFLAGS_value=
ac_cv_env_LIBS_set=
ac_cv_env_LIBS_value=
ac_cv_env_LT_SYS_LIBRARY_PATH_set=
ac_cv_env_LT_SYS_LIBRARY_PATH_value=
ac_cv_env_PKG_CONFIG_LIBDIR_set=
ac_cv_env_PKG_CONFIG_LIBDIR_value=
ac_cv_env_PKG_CONFIG_PATH_set=
ac_cv_env_PKG_CONFIG_PATH_value=
ac_cv_env_PKG_CONFIG_set=
ac_cv_env_PKG_CONFIG_value=
ac_cv_env_build_alias_set=
ac_cv_env_build_alias_value=
ac_cv_env_host_alias_set=
ac_cv_env_host_alias_value=
ac_cv_env_target_alias_set=
ac_cv_env_target_alias_value=
ac_cv_have_decl___INTEL_COMPILER=no
ac_cv_have_decl___SUNPRO_C=no
ac_cv_have_decl___clang__=no
ac_cv_header_asm_mtrr_h=yes
ac_cv_header_dlfcn_h=yes
ac_cv_header_err_h=yes
ac_cv_header_inttypes_h=yes
ac_cv_header_memory_h=yes
ac_cv_header_minix_config_h=no
ac_cv_header_stdc=yes
ac_cv_header_stdint_h=yes
ac_cv_header_stdlib_h=yes
ac_cv_header_string_h=yes
ac_cv_header_strings_h=yes
ac_cv_header_sys_stat_h=yes
ac_cv_header_sys_types_h=yes
ac_cv_header_unistd_h=yes
ac_cv_host=x86_64-pc-linux-gnu
ac_cv_objext=o
ac_cv_path_EGREP='/usr/bin/grep -E'
ac_cv_path_FGREP='/usr/bin/grep -F'
ac_cv_path_GREP=/usr/bin/grep
ac_cv_path_SED=/usr/bin/sed
ac_cv_path_ac_pt_PKG_CONFIG=/usr/bin/pkg-config
ac_cv_path_install='/usr/bin/install -c'
ac_cv_path_lt_DD=/usr/bin/dd
ac_cv_path_mkdir=/usr/bin/mkdir
ac_cv_prog_AWK=mawk
ac_cv_prog_CPP='gcc -E'
ac_cv_prog_ac_ct_AR=ar
ac_cv_prog_ac_ct_CC=gcc
ac_cv_prog_ac_ct_MANIFEST_TOOL=mt
ac_cv_prog_ac_ct_OBJDUMP=objdump
ac_cv_prog_ac_ct_RANLIB=ranlib
ac_cv_prog_ac_ct_STRIP=strip
ac_cv_prog_cc_c89=
ac_cv_prog_cc_c99=
ac_cv_prog_cc_g=yes
ac_cv_prog_make_make_set=yes
ac_cv_safe_to_define___extensions__=yes
ac_cv_sys_file_offset_bits=no
ac_cv_sys_largefile_CC=no
am_cv_CC_dependencies_compiler_type=gcc3
am_cv_make_support_nested_variables=yes
am_cv_prog_cc_c_o=yes
lt_cv_ar_at_file=@
lt_cv_archive_cmds_need_lc=no
lt_cv_deplibs_check_method=pass_all
lt_cv_file_magic_cmd='$MAGIC_CMD'
lt_cv_file_magic_test_file=
lt_cv_ld_reload_flag=-r
lt_cv_nm_interface='BSD nm'
lt_cv_objdir=.libs
lt_cv_path_LD=/usr/bin/ld
lt_cv_path_NM='/usr/bin/nm -B'
lt_cv_path_mainfest_tool=no
lt_cv_prog_compiler_c_o=yes
lt_cv_prog_compiler_pic='-fPIC -DPIC'
lt_cv_prog_compiler_pic_works=yes
lt_cv_prog_compiler_rtti_exceptions=no
lt_cv_prog_compiler_static_works=yes
lt_cv_prog_gnu_ld=yes
lt_cv_sharedlib_from_linklib_cmd='printf %s\n'
lt_cv_shlibpath_overrides_runpath=yes
lt_cv_sys_global_symbol_pipe='sed -n -e '\''s/^.*[	 ]\([ABCDGIRSTW][ABCDGIRSTW]*\)[	 ][	 ]*\([_A-Za-z][_A-Za-z0-9]*\)$/\1 \2 \2/p'\'' | sed '\''/ __gnu_lto/d'\'''
lt_cv_sys_global_symbol_to_c_name_address='sed -n -e '\''s/^: \(.*\) .*$/  {"\1", (void *) 0},/p'\'' -e '\''s/^[ABCDGIRSTW][ABCDGIRSTW]* .* \(.*\)$/  {"\1", (void *) \&\1},/p'\'''
lt_cv_sys_global_symbol_to_c_name_address_lib_prefix='sed -n -e '\''s/^: \(.*\) .*$/  {"\1", (void *) 0},/p'\'' -e '\''s/^[ABCDGIRSTW][ABCDGIRSTW]* .* \(lib.*\)$/  {"\1", (void *) \&\1},/p'\'' -e '\''s/^[ABCDGIRSTW][ABCDGIRSTW]* .* \(.*\)$/  {"lib\1", (void *) \&\1},/p'\'''
lt_cv_sys_global_symbol_to_cdecl='sed -n -e '\''s/^T .* \(.*\)$/extern int \1();/p'\'' -e '\''s/^[ABCDGIRSTW][ABCDGIRSTW]* .* \(.*\)$/extern char \1;/p'\'''
lt_cv_sys_global_symbol_to_import=
lt_cv_sys_max_cmd_len=1572864
lt_cv_to_host_file_cmd=func_convert_file_noop
lt_cv_to_tool_file_cmd=func_convert_file_noop
lt_cv_truncate_bin='/usr/bin/dd bs=4096 count=1'
xorg_cv_cc_flag__Wall=yes
xorg_cv_cc_flag__Wbad_function_cast=yes
xorg_cv_cc_flag__Wdeclaration_after_statement=yes
xorg_cv_cc_flag__Werror=yes
xorg_cv_cc_flag__Werror_address=yes
xorg_cv_cc_flag__Werror_array_bounds=yes
xorg_cv_cc_flag__Werror_attributes=yes
xorg_cv_cc_flag__Werror_implicit=yes
xorg_cv_cc_flag__Werror_init_self=yes
xorg_cv_cc_flag__Werror_int_to_pointer_cast=yes
xorg_cv_cc_flag__Werror_main=yes
xorg_cv_cc_flag__Werror_missing_braces=yes
xorg_cv_cc_flag__Werror_nonnull=yes
xorg_cv_cc_flag__Werror_pointer_to_int_cast=yes
xorg_cv_cc_flag__Werror_return_type=yes
xorg_cv_cc_flag__Werror_sequence_point=yes
xorg_cv_cc_flag__Werror_trigraphs=yes
xorg_cv_cc_flag__Werror_write_strings=yes
xorg_cv_cc_flag__Wformat_2=yes
xorg_cv_cc_flag__Wlogical_op=yes
xorg_cv_cc_flag__Wmissing_declarations=yes
xorg_cv_cc_flag__Wmissing_format_attribute=yes
xorg_cv_cc_flag__Wmissing_noreturn=yes
xorg_cv_cc_flag__Wmissing_prototypes=yes
xorg_cv_cc_flag__Wnested_externs=yes
xorg_cv_cc_flag__Wold_style_definition=yes
xorg_cv_cc_flag__Wpointer_arith=yes
xorg_cv_cc_flag__Wredundant_decls=yes
xorg_cv_cc_flag__Wshadow=yes
xorg_cv_cc_flag__Wstrict_prototypes=yes
xorg_cv_cc_flag__Wuninitialized=yes
xorg_cv_cc_flag__Wunused=yes
xorg_cv_cc_flag__pedantic=yes
xorg_cv_cc_flag_unknown_warning_option=no
xorg_cv_cc_flag_unused_command_line_argument=no

## ----------------- ##
## Output variables. ##
## ----------------- ##

ACLOCAL='${SHELL} /home/via/prog/github/imported/pciaccess/missing aclocal-1.16'
ADMIN_MAN_DIR='$(mandir)/man$(ADMIN_MAN_SUFFIX)'
ADMIN_MAN_SUFFIX='8'
AMDEPBACKSLASH='\'
AMDEP_FALSE='#'
AMDEP_TRUE=''
AMTAR='$${TAR-tar}'
AM_BACKSLASH='\'
AM_DEFAULT_V='$(AM_DEFAULT_VERBOSITY)'
AM_DEFAULT_VERBOSITY='0'
AM_V='$(V)'
APP_MAN_DIR='$(mandir)/man$(APP_MAN_SUFFIX)'
APP_MAN_SUFFIX='1'
AR='ar'
AUTOCONF='${SHELL} /home/via/prog/github/imported/pciaccess/missing autoconf'
AUTOHEADER='${SHELL} /home/via/prog/github/imported/pciaccess/missing autoheader'
AUTOMAKE='${SHELL} /home/via/prog/github/imported/pciaccess/missing automake-1.16'
AWK='mawk'
BASE_CFLAGS=' -Wall -Wpointer-arith -Wmissing-declarations -Wformat=2 -Wstrict-prototypes -Wmissing-prototypes -Wnested-externs -Wbad-function-cast -Wold-style-definition -Wdeclaration-after-statement -Wunused -Wuninitialized -Wshadow -Wmissing-noreturn -Wmissing-format-attribute -Wredundant-decls -Wlogical-op -Werror=implicit -Werror=nonnull -Werror=init-self -Werror=main -Werror=missing-braces -Werror=sequence-point -Werror=return-type -Werror=trigraphs -Werror=array-bounds -Werror=write-strings -Werror=address -Werror=int-to-pointer-cast -Werror=pointer-to-int-cast'
CC='gcc'
CCDEPMODE='depmode=gcc3'
CFLAGS='-g -O2'
CHANGELOG_CMD='((GIT_DIR=$(top_srcdir)/.git git log > $(top_srcdir)/.changelog.tmp) 2>/dev/null && mv $(top_srcdir)/.changelog.tmp $(top_srcdir)/ChangeLog) || (rm -f $(top_srcdir)/.changelog.tmp; test -e $(top_srcdir)/ChangeLog || ( touch $(top_srcdir)/ChangeLog; echo '\''git failed to create ChangeLog: installing empty ChangeLog.'\'' >&2))'
CPP='gcc -E'
CPPFLAGS=''
CWARNFLAGS=' -Wall -Wpointer-arith -Wmissing-declarations -Wformat=2 -Wstrict-prototypes -Wmissing-prototypes -Wnested-externs -Wbad-function-cast -Wold-style-definition -Wdeclaration-after-statement -Wunused -Wuninitialized -Wshadow -Wmissing-noreturn -Wmissing-format-attribute -Wredundant-decls -Wlogical-op -Werror=implicit -Werror=nonnull -Werror=init-self -Werror=main -Werror=missing-braces -Werror=sequence-point -Werror=return-type -Werror=trigraphs -Werror=array-bounds -Werror=write-strings -Werror=address -Werror=int-to-pointer-cast -Werror=pointer-to-int-cast -fno-strict-aliasing'
CYGPATH_W='echo'
CYGWIN_FALSE=''
CYGWIN_TRUE='#'
DEFS='-DHAVE_CONFIG_H'
DEPDIR='.deps'
DLLTOOL='false'
DRIVER_MAN_DIR='$(mandir)/man$(DRIVER_MAN_SUFFIX)'
DRIVER_MAN_SUFFIX='4'
DSYMUTIL=''
DUMPBIN=''
ECHO_C=''
ECHO_N='-n'
ECHO_T=''
EGREP='/usr/bin/grep -E'
EXEEXT=''
FGREP='/usr/bin/grep -F'
FILE_MAN_DIR='$(mandir)/man$(FILE_MAN_SUFFIX)'
FILE_MAN_SUFFIX='5'
FREEBSD_FALSE=''
FREEBSD_TRUE='#'
GNU_FALSE=''
GNU_TRUE='#'
GREP='/usr/bin/grep'
INSTALL_CMD='(cp -f /usr/local/share/util-macros/INSTALL $(top_srcdir)/.INSTALL.tmp && mv $(top_srcdir)/.INSTALL.tmp $(top_srcdir)/INSTALL) || (rm -f $(top_srcdir)/.INSTALL.tmp; test -e $(top_srcdir)/INSTALL || ( touch $(top_srcdir)/INSTALL; echo '\''failed to copy INSTALL from util-macros: installing empty INSTALL.'\'' >&2))'
INSTALL_DATA='${INSTALL} -m 644'
INSTALL_PROGRAM='${INSTALL}'
INSTALL_SCRIPT='${INSTALL}'
INSTALL_STRIP_PROGRAM='$(install_sh) -c -s'
LD='/usr/bin/ld -m elf_x86_64'
LDFLAGS=''
LIBOBJS=''
LIBS=''
LIBTOOL='$(SHELL) $(top_builddir)/libtool'
LIB_MAN_DIR='$(mandir)/man$(LIB_MAN_SUFFIX)'
LIB_MAN_SUFFIX='3'
LINUX_FALSE='#'
LINUX_TRUE=''
LIPO=''
LN_S='ln -s'
LTLIBOBJS=''
LT_SYS_LIBRARY_PATH=''
MAKEINFO='${SHELL} /home/via/prog/github/imported/pciaccess/missing makeinfo'
MANIFEST_TOOL=':'
MAN_SUBSTS='	-e '\''s|__vendorversion__|"$(PACKAGE_STRING)" "$(XORG_MAN_PAGE)"|'\'' 	-e '\''s|__xorgversion__|"$(PACKAGE_STRING)" "$(XORG_MAN_PAGE)"|'\'' 	-e '\''s|__xservername__|Xorg|g'\'' 	-e '\''s|__xconfigfile__|xorg.conf|g'\'' 	-e '\''s|__projectroot__|$(prefix)|g'\'' 	-e '\''s|__apploaddir__|$(appdefaultdir)|g'\'' 	-e '\''s|__appmansuffix__|$(APP_MAN_SUFFIX)|g'\'' 	-e '\''s|__drivermansuffix__|$(DRIVER_MAN_SUFFIX)|g'\'' 	-e '\''s|__adminmansuffix__|$(ADMIN_MAN_SUFFIX)|g'\'' 	-e '\''s|__libmansuffix__|$(LIB_MAN_SUFFIX)|g'\'' 	-e '\''s|__miscmansuffix__|$(MISC_MAN_SUFFIX)|g'\'' 	-e '\''s|__filemansuffix__|$(FILE_MAN_SUFFIX)|g'\'''
MISC_MAN_DIR='$(mandir)/man$(MISC_MAN_SUFFIX)'
MISC_MAN_SUFFIX='7'
MKDIR_P='/usr/bin/mkdir -p'
NETBSD_FALSE=''
NETBSD_TRUE='#'
NM='/usr/bin/nm -B'
NMEDIT=''
OBJDUMP='objdump'
OBJEXT='o'
OPENBSD_FALSE=''
OPENBSD_TRUE='#'
OTOOL64=''
OTOOL=''
PACKAGE='libpciaccess'
PACKAGE_BUGREPORT='https://gitlab.freedesktop.org/xorg/lib/libpciaccess/issues'
PACKAGE_NAME='libpciaccess'
PACKAGE_STRING='libpciaccess 0.16'
PACKAGE_TARNAME='libpciaccess'
PACKAGE_URL=''
PACKAGE_VERSION='0.16'
PATH_SEPARATOR=':'
PCIACCESS_CFLAGS=''
PCIACCESS_LIBS=''
PCIIDS_PATH='/usr/share/hwdata'
PKG_CONFIG='/usr/bin/pkg-config'
PKG_CONFIG_LIBDIR=''
PKG_CONFIG_PATH=''
RANLIB='ranlib'
SED='/usr/bin/sed'
SET_MAKE=''
SHELL='/bin/bash'
SOLARIS_FALSE=''
SOLARIS_TRUE='#'
STRICT_CFLAGS=' -pedantic -Werror -Werror=attributes'
STRIP='strip'
VERSION='0.16'
XORG_MAN_PAGE='X Version 11'
ac_ct_AR='ar'
ac_ct_CC='gcc'
ac_ct_DUMPBIN=''
am__EXEEXT_FALSE=''
am__EXEEXT_TRUE='#'
am__fastdepCC_FALSE='#'
am__fastdepCC_TRUE=''
am__include='include'
am__isrc=''
am__leading_dot='.'
am__nodep='_no'
am__quote=''
am__tar='$${TAR-tar} chof - "$$tardir"'
am__untar='$${TAR-tar} xf -'
bindir='${exec_prefix}/bin'
build='x86_64-pc-linux-gnu'
build_alias=''
build_cpu='x86_64'
build_os='linux-gnu'
build_vendor='pc'
datadir='${datarootdir}'
datarootdir='${prefix}/share'
docdir='${datarootdir}/doc/${PACKAGE_TARNAME}'
dvidir='${docdir}'
exec_prefix='${prefix}'
host='x86_64-pc-linux-gnu'
host_alias=''
host_cpu='x86_64'
host_os='linux-gnu'
host_vendor='pc'
htmldir='${docdir}'
includedir='${prefix}/include'
infodir='${datarootdir}/info'
install_sh='${SHELL} /home/via/prog/github/imported/pciaccess/install-sh'
libdir='${exec_prefix}/lib'
libexecdir='${exec_prefix}/libexec'
localedir='${datarootdir}/locale'
localstatedir='${prefix}/var'
mandir='${datarootdir}/man'
mkdir_p='$(MKDIR_P)'
oldincludedir='/usr/include'
pdfdir='${docdir}'
prefix='/home/via/prog/github/cmake_learn/cpack-demo/build/install'
program_transform_name='s,x,x,'
psdir='${docdir}'
runstatedir='${localstatedir}/run'
sbindir='${exec_prefix}/sbin'
sharedstatedir='${prefix}/com'
sysconfdir='${prefix}/etc'
target_alias=''

## ----------- ##
## confdefs.h. ##
## ----------- ##

/* confdefs.h */
#define PACKAGE_NAME "libpciaccess"
#define PACKAGE_TARNAME "libpciaccess"
#define PACKAGE_VERSION "0.16"
#define PACKAGE_STRING "libpciaccess 0.16"
#define PACKAGE_BUGREPORT "https://gitlab.freedesktop.org/xorg/lib/libpciaccess/issues"
#define PACKAGE_URL ""
#define PACKAGE "libpciaccess"
#define VERSION "0.16"
#define STDC_HEADERS 1
#define HAVE_SYS_TYPES_H 1
#define HAVE_SYS_STAT_H 1
#define HAVE_STDLIB_H 1
#define HAVE_STRING_H 1
#define HAVE_MEMORY_H 1
#define HAVE_STRINGS_H 1
#define HAVE_INTTYPES_H 1
#define HAVE_STDINT_H 1
#define HAVE_UNISTD_H 1
#define __EXTENSIONS__ 1
#define _ALL_SOURCE 1
#define _GNU_SOURCE 1
#define _POSIX_PTHREAD_SEMANTICS 1
#define _TANDEM_SOURCE 1
#define HAVE_DLFCN_H 1
#define LT_OBJDIR ".libs/"
#define PACKAGE_VERSION_MAJOR 0
#define PACKAGE_VERSION_MINOR 16
#define PACKAGE_VERSION_PATCHLEVEL 0
#define PCIIDS_PATH "/usr/share/hwdata"
#define HAVE_ERR_H 1
#define HAVE_MTRR 1

configure: exit 0
